Server is running on http://localhost:3000 
Connected to SQLite database
Database connected successfully
Initializing admin user...
Users already exist in the database. Skipping admin initialization.
synicing database ...
🔄 Script index synced • total = 1
Client connected: njlU8TM2mtS8PNCSAAAB
Client connected: 4mKeXjGjhDZ77WwQAAAD
Server is running on http://localhost:3000 
Connected to SQLite database
Database connected successfully
Initializing admin user...
Users already exist in the database. Skipping admin initialization.
synicing database ...
🔄 Script index synced • total = 1
Server is running on http://localhost:3000 
Connected to SQLite database
Database connected successfully
Initializing admin user...
Users already exist in the database. Skipping admin initialization.
synicing database ...
🔄 Script index synced • total = 1
Server is running on http://localhost:3000 
Connected to SQLite database
Database connected successfully
Initializing admin user...
Users already exist in the database. Skipping admin initialization.
synicing database ...
🔄 Script index synced • total = 1
Server is running on http://localhost:3000 
Connected to SQLite database
Database connected successfully
Initializing admin user...
Users already exist in the database. Skipping admin initialization.
synicing database ...
🔄 Script index synced • total = 1
Server is running on http://localhost:3000 
Connected to SQLite database
Database connected successfully
Initializing admin user...
Users already exist in the database. Skipping admin initialization.
synicing database ...
🔄 Script index synced • total = 1
Server is running on http://localhost:3000 
Connected to SQLite database
Database connected successfully
Initializing admin user...
Users already exist in the database. Skipping admin initialization.
synicing database ...
🔄 Script index synced • total = 1
Server is running on http://localhost:3000 
Connected to SQLite database
Database connected successfully
Initializing admin user...
Users already exist in the database. Skipping admin initialization.
synicing database ...
🔄 Script index synced • total = 1
Server is running on http://localhost:3000 
Connected to SQLite database
Database connected successfully
Initializing admin user...
Users already exist in the database. Skipping admin initialization.
synicing database ...
🔄 Script index synced • total = 1
Server is running on http://localhost:3000 
Connected to SQLite database
Database connected successfully
Initializing admin user...
Users already exist in the database. Skipping admin initialization.
synicing database ...
🔄 Script index synced • total = 1
Server is running on http://localhost:3000 
Connected to SQLite database
Database connected successfully
Initializing admin user...
Users already exist in the database. Skipping admin initialization.
synicing database ...
🔄 Script index synced • total = 1
Server is running on http://localhost:3000 
Connected to SQLite database
Database connected successfully
Initializing admin user...
Users already exist in the database. Skipping admin initialization.
synicing database ...
🔄 Script index synced • total = 1
Server is running on http://localhost:3000 
Connected to SQLite database
Database connected successfully
Initializing admin user...
Users already exist in the database. Skipping admin initialization.
synicing database ...
🔄 Script index synced • total = 1
Server is running on http://localhost:3000 
Connected to SQLite database
Database connected successfully
Initializing admin user...
Users already exist in the database. Skipping admin initialization.
synicing database ...
🔄 Script index synced • total = 1
Server is running on http://localhost:3000 
Connected to SQLite database
Database connected successfully
Initializing admin user...
Users already exist in the database. Skipping admin initialization.
synicing database ...
🔄 Script index synced • total = 1
Server is running on http://localhost:3000 
Connected to SQLite database
Database connected successfully
Initializing admin user...
Users already exist in the database. Skipping admin initialization.
synicing database ...
🔄 Script index synced • total = 1
Server is running on http://localhost:3000 
Connected to SQLite database
Database connected successfully
Initializing admin user...
Users already exist in the database. Skipping admin initialization.
synicing database ...
🔄 Script index synced • total = 1
Server is running on http://localhost:3000 
Connected to SQLite database
Database connected successfully
Initializing admin user...
Users already exist in the database. Skipping admin initialization.
synicing database ...
🔄 Script index synced • total = 1
