Starting Python Profile Comparison Server (No Redis)
============================================================
Session isolation features:
Starting Python Profile Comparison Server (No Redis)
============================================================
Session isolation features:
Starting Python Profile Comparison Server (No Redis)
============================================================
Session isolation features:
Starting Python Profile Comparison Server (No Redis)
============================================================
Session isolation features:
Starting Python Profile Comparison Server (No Redis)
============================================================
Session isolation features:
Starting Python Profile Comparison Server (No Redis)
============================================================
Session isolation features:
Starting Python Profile Comparison Server (No Redis)
============================================================
Session isolation features:
Starting Python Profile Comparison Server (No Redis)
============================================================
Session isolation features:
Starting Python Profile Comparison Server (No Redis)
============================================================
Session isolation features:
Starting Python Profile Comparison Server (No Redis)
============================================================
Session isolation features:
Starting Python Profile Comparison Server (No Redis)
============================================================
Session isolation features:
Starting Python Profile Comparison Server (No Redis)
============================================================
Session isolation features:
Starting Python Profile Comparison Server (No Redis)
============================================================
Session isolation features:
Starting Python Profile Comparison Server (No Redis)
============================================================
Session isolation features:
Starting Python Profile Comparison Server (No Redis)
============================================================
Session isolation features:
Starting Python Profile Comparison Server (No Redis)
============================================================
Session isolation features:
Starting Python Profile Comparison Server (No Redis)
============================================================
Session isolation features:
Starting Python Profile Comparison Server (No Redis)
============================================================
Session isolation features:
Starting Python Profile Comparison Server (No Redis)
============================================================
Session isolation features:
Starting Python Profile Comparison Server (No Redis)
============================================================
Session isolation features:
Starting Python Profile Comparison Server (No Redis)
============================================================
Session isolation features:
Starting Python Profile Comparison Server (No Redis)
============================================================
Session isolation features:
Starting Python Profile Comparison Server (No Redis)
============================================================
Session isolation features:
Starting Python Profile Comparison Server (No Redis)
============================================================
Session isolation features:
Starting Python Profile Comparison Server (No Redis)
============================================================
Session isolation features:
Starting Python Profile Comparison Server (No Redis)
============================================================
Session isolation features:
Starting Python Profile Comparison Server (No Redis)
============================================================
Session isolation features:
Starting Python Profile Comparison Server (No Redis)
============================================================
Session isolation features:
Starting Python Profile Comparison Server (No Redis)
============================================================
Session isolation features:
Starting Python Profile Comparison Server (No Redis)
============================================================
Session isolation features:
Starting Python Profile Comparison Server (No Redis)
============================================================
Session isolation features:
Starting Python Profile Comparison Server (No Redis)
============================================================
Session isolation features:
Starting Python Profile Comparison Server (No Redis)
============================================================
Session isolation features:
Starting Python Profile Comparison Server (No Redis)
============================================================
Session isolation features:
Starting Python Profile Comparison Server (No Redis)
============================================================
Session isolation features:
Starting Python Profile Comparison Server (No Redis)
============================================================
Session isolation features:
Starting Python Profile Comparison Server (No Redis)
============================================================
Session isolation features:
Starting Python Profile Comparison Server (No Redis)
============================================================
Session isolation features:
Starting Python Profile Comparison Server (No Redis)
============================================================
Session isolation features:
Starting Python Profile Comparison Server (No Redis)
============================================================
Session isolation features:
Starting Python Profile Comparison Server (No Redis)
============================================================
Session isolation features:
Starting Python Profile Comparison Server (No Redis)
============================================================
Session isolation features:
Starting Python Profile Comparison Server (No Redis)
============================================================
Session isolation features:
Starting Python Profile Comparison Server (No Redis)
============================================================
Session isolation features:
Starting Python Profile Comparison Server (No Redis)
============================================================
Session isolation features:
Starting Python Profile Comparison Server (No Redis)
============================================================
Session isolation features:
Starting Python Profile Comparison Server (No Redis)
============================================================
Session isolation features:
Starting Python Profile Comparison Server (No Redis)
============================================================
Session isolation features:
Starting Python Profile Comparison Server (No Redis)
============================================================
Session isolation features:
Starting Python Profile Comparison Server (No Redis)
============================================================
Session isolation features:
Starting Python Profile Comparison Server (No Redis)
============================================================
Session isolation features:
Starting Python Profile Comparison Server (No Redis)
============================================================
Session isolation features:
Starting Python Profile Comparison Server (No Redis)
============================================================
Session isolation features:
Starting Python Profile Comparison Server (No Redis)
============================================================
Session isolation features:
Starting Python Profile Comparison Server (No Redis)
============================================================
Session isolation features:
Starting Python Profile Comparison Server (No Redis)
============================================================
Session isolation features:
Starting Python Profile Comparison Server (No Redis)
============================================================
Session isolation features:
Starting Python Profile Comparison Server (No Redis)
============================================================
Session isolation features:
Starting Python Profile Comparison Server (No Redis)
============================================================
Session isolation features:
Starting Python Profile Comparison Server (No Redis)
============================================================
Session isolation features:
Starting Python Profile Comparison Server (No Redis)
============================================================
Session isolation features:
Starting Python Profile Comparison Server (No Redis)
============================================================
Session isolation features:
Starting Python Profile Comparison Server (No Redis)
============================================================
Session isolation features:
Starting Python Profile Comparison Server (No Redis)
============================================================
Session isolation features:
Starting Python Profile Comparison Server (No Redis)
============================================================
Session isolation features:
Starting Python Profile Comparison Server (No Redis)
============================================================
Session isolation features:
Starting Python Profile Comparison Server (No Redis)
============================================================
Session isolation features:
Starting Python Profile Comparison Server (No Redis)
============================================================
Session isolation features:
Starting Python Profile Comparison Server (No Redis)
============================================================
Session isolation features:
Starting Python Profile Comparison Server (No Redis)
============================================================
Session isolation features:
Starting Python Profile Comparison Server (No Redis)
============================================================
Session isolation features:
Starting Python Profile Comparison Server (No Redis)
============================================================
Session isolation features:
Starting Python Profile Comparison Server (No Redis)
============================================================
Session isolation features:
Starting Python Profile Comparison Server (No Redis)
============================================================
Session isolation features:
Starting Python Profile Comparison Server (No Redis)
============================================================
Session isolation features:
Starting Python Profile Comparison Server (No Redis)
============================================================
Session isolation features:
Starting Python Profile Comparison Server (No Redis)
============================================================
Session isolation features:
Starting Python Profile Comparison Server (No Redis)
============================================================
Session isolation features:
Starting Python Profile Comparison Server (No Redis)
============================================================
Session isolation features:
Starting Python Profile Comparison Server (No Redis)
============================================================
Session isolation features:
Starting Python Profile Comparison Server (No Redis)
============================================================
Session isolation features:
Starting Python Profile Comparison Server (No Redis)
============================================================
Session isolation features:
Starting Python Profile Comparison Server (No Redis)
============================================================
Session isolation features:
Starting Python Profile Comparison Server (No Redis)
============================================================
Session isolation features:
Starting Python Profile Comparison Server (No Redis)
============================================================
Session isolation features:
Starting Python Profile Comparison Server (No Redis)
============================================================
Session isolation features:
Starting Python Profile Comparison Server (No Redis)
============================================================
Session isolation features:
Starting Python Profile Comparison Server (No Redis)
============================================================
Session isolation features:
Starting Python Profile Comparison Server (No Redis)
============================================================
Session isolation features:
Starting Python Profile Comparison Server (No Redis)
============================================================
Session isolation features:
Starting Python Profile Comparison Server (No Redis)
============================================================
Session isolation features:
Starting Python Profile Comparison Server (No Redis)
============================================================
Session isolation features:
Starting Python Profile Comparison Server (No Redis)
============================================================
Session isolation features:
Unique session ID per browser/tab
File-based session storage
Session-specific file storage
Complete data isolation between users
Automatic cleanup of expired sessions
Browser fingerprinting for additional security
Background cleanup tasks
============================================================
Storage directories:
  Sessions: D:\dump2_comparison\sep06_cl\backend\sessions
  Profiles: profile_data
  Uploads: uploads
============================================================
Available endpoints:
  POST /api/upload - Upload profile file
  GET  /api/profiles - Get current session profiles
  POST /api/compare - Compare profiles
  POST /api/clear - Clear current session
  GET  /api/session-info - Get session information
  GET  /api/health - Health check
  GET  /api/debug/all-sessions - Debug all sessions
============================================================

Server starting on http://localhost:5000
No Redis required! Using file-based session storage.
 * Serving Flask app 'app'
 * Debug mode: on
Starting Python Profile Comparison Server (No Redis)
============================================================
Session isolation features:
Unique session ID per browser/tab
File-based session storage
Session-specific file storage
Complete data isolation between users
Automatic cleanup of expired sessions
Browser fingerprinting for additional security
Background cleanup tasks
============================================================
Storage directories:
  Sessions: D:\dump2_comparison\sep06_cl\backend\sessions
  Profiles: profile_data
  Uploads: uploads
============================================================
Available endpoints:
  POST /api/upload - Upload profile file
  GET  /api/profiles - Get current session profiles
  POST /api/compare - Compare profiles
  POST /api/clear - Clear current session
  GET  /api/session-info - Get session information
  GET  /api/health - Health check
  GET  /api/debug/all-sessions - Debug all sessions
============================================================

Server starting on http://localhost:5000
No Redis required! Using file-based session storage.
New session created: 33e542ff-e38d-4be0-97ef-b30af686a129
Starting Python Profile Comparison Server (No Redis)
============================================================
Session isolation features:
Unique session ID per browser/tab
File-based session storage
Session-specific file storage
Complete data isolation between users
Automatic cleanup of expired sessions
Browser fingerprinting for additional security
Background cleanup tasks
============================================================
Storage directories:
  Sessions: D:\dump2_comparison\sep06_cl\backend\sessions
  Profiles: profile_data
  Uploads: uploads
============================================================
Available endpoints:
  POST /api/upload - Upload profile file
  GET  /api/profiles - Get current session profiles
  POST /api/compare - Compare profiles
  POST /api/clear - Clear current session
  GET  /api/session-info - Get session information
  GET  /api/health - Health check
  GET  /api/debug/all-sessions - Debug all sessions
============================================================

Server starting on http://localhost:5000
No Redis required! Using file-based session storage.
 * Serving Flask app 'app'
 * Debug mode: on
Starting Python Profile Comparison Server (No Redis)
============================================================
Session isolation features:
Unique session ID per browser/tab
File-based session storage
Session-specific file storage
Complete data isolation between users
Automatic cleanup of expired sessions
Browser fingerprinting for additional security
Background cleanup tasks
============================================================
Storage directories:
  Sessions: D:\dump2_comparison\sep06_cl\backend\sessions
  Profiles: profile_data
  Uploads: uploads
============================================================
Available endpoints:
  POST /api/upload - Upload profile file
  GET  /api/profiles - Get current session profiles
  POST /api/compare - Compare profiles
  POST /api/clear - Clear current session
  GET  /api/session-info - Get session information
  GET  /api/health - Health check
  GET  /api/debug/all-sessions - Debug all sessions
============================================================

Server starting on http://localhost:5000
No Redis required! Using file-based session storage.
Starting Python Profile Comparison Server (No Redis)
============================================================
Session isolation features:
Unique session ID per browser/tab
File-based session storage
Session-specific file storage
Complete data isolation between users
Automatic cleanup of expired sessions
Browser fingerprinting for additional security
Background cleanup tasks
============================================================
Storage directories:
  Sessions: D:\dump2_comparison\sep06_cl\backend\sessions
  Profiles: profile_data
  Uploads: uploads
============================================================
Available endpoints:
  POST /api/upload - Upload profile file
  GET  /api/profiles - Get current session profiles
  POST /api/compare - Compare profiles
  POST /api/clear - Clear current session
  GET  /api/session-info - Get session information
  GET  /api/health - Health check
  GET  /api/debug/all-sessions - Debug all sessions
============================================================

Server starting on http://localhost:5000
No Redis required! Using file-based session storage.
Starting Python Profile Comparison Server (No Redis)
============================================================
Session isolation features:
Unique session ID per browser/tab
File-based session storage
Session-specific file storage
Complete data isolation between users
Automatic cleanup of expired sessions
Browser fingerprinting for additional security
Background cleanup tasks
============================================================
Storage directories:
  Sessions: D:\dump2_comparison\sep06_cl\backend\sessions
  Profiles: profile_data
  Uploads: uploads
============================================================
Available endpoints:
  POST /api/upload - Upload profile file
  GET  /api/profiles - Get current session profiles
  POST /api/compare - Compare profiles
  POST /api/clear - Clear current session
  GET  /api/session-info - Get session information
  GET  /api/health - Health check
  GET  /api/debug/all-sessions - Debug all sessions
============================================================

Server starting on http://localhost:5000
No Redis required! Using file-based session storage.
 * Serving Flask app 'app'
 * Debug mode: on
Starting Python Profile Comparison Server (No Redis)
============================================================
Session isolation features:
Unique session ID per browser/tab
File-based session storage
Session-specific file storage
Complete data isolation between users
Automatic cleanup of expired sessions
Browser fingerprinting for additional security
Background cleanup tasks
============================================================
Storage directories:
  Sessions: D:\dump2_comparison\sep06_cl\backend\sessions
  Profiles: profile_data
  Uploads: uploads
============================================================
Available endpoints:
  POST /api/upload - Upload profile file
  GET  /api/profiles - Get current session profiles
  POST /api/compare - Compare profiles
  POST /api/clear - Clear current session
  GET  /api/session-info - Get session information
  GET  /api/health - Health check
  GET  /api/debug/all-sessions - Debug all sessions
============================================================

Server starting on http://localhost:5000
No Redis required! Using file-based session storage.
Cleaned up expired profile data: b482a9dd-88f4-4acb-a7f3-0f4ca6056508.json
Cleaned up expired profile data: ce366733-3d51-439b-8940-52ca476cee2d.json
Cleaned up expired upload directory: b482a9dd-88f4-4acb-a7f3-0f4ca6056508
Cleaned up expired upload directory: ce366733-3d51-439b-8940-52ca476cee2d
Starting Python Profile Comparison Server (No Redis)
============================================================
Session isolation features:
Unique session ID per browser/tab
File-based session storage
Session-specific file storage
Complete data isolation between users
Automatic cleanup of expired sessions
Browser fingerprinting for additional security
Background cleanup tasks
============================================================
Storage directories:
  Sessions: D:\dump2_comparison\sep06_cl\backend\sessions
  Profiles: profile_data
  Uploads: uploads
============================================================
Available endpoints:
  POST /api/upload - Upload profile file
  GET  /api/profiles - Get current session profiles
  POST /api/compare - Compare profiles
  POST /api/clear - Clear current session
  GET  /api/session-info - Get session information
  GET  /api/health - Health check
  GET  /api/debug/all-sessions - Debug all sessions
============================================================

Server starting on http://localhost:5000
No Redis required! Using file-based session storage.
 * Serving Flask app 'app'
 * Debug mode: on
Starting Python Profile Comparison Server (No Redis)
============================================================
Session isolation features:
Unique session ID per browser/tab
File-based session storage
Session-specific file storage
Complete data isolation between users
Automatic cleanup of expired sessions
Browser fingerprinting for additional security
Background cleanup tasks
============================================================
Storage directories:
  Sessions: D:\dump2_comparison\sep06_cl\backend\sessions
  Profiles: profile_data
  Uploads: uploads
============================================================
Available endpoints:
  POST /api/upload - Upload profile file
  GET  /api/profiles - Get current session profiles
  POST /api/compare - Compare profiles
  POST /api/clear - Clear current session
  GET  /api/session-info - Get session information
  GET  /api/health - Health check
  GET  /api/debug/all-sessions - Debug all sessions
============================================================

Server starting on http://localhost:5000
No Redis required! Using file-based session storage.
Starting Python Profile Comparison Server (No Redis)
============================================================
Session isolation features:
Unique session ID per browser/tab
File-based session storage
Session-specific file storage
Complete data isolation between users
Automatic cleanup of expired sessions
Browser fingerprinting for additional security
Background cleanup tasks
============================================================
Storage directories:
  Sessions: D:\dump2_comparison\sep06_cl\backend\sessions
  Profiles: profile_data
  Uploads: uploads
============================================================
Available endpoints:
  POST /api/upload - Upload profile file
  GET  /api/profiles - Get current session profiles
  POST /api/compare - Compare profiles
  POST /api/clear - Clear current session
  GET  /api/session-info - Get session information
  GET  /api/health - Health check
  GET  /api/debug/all-sessions - Debug all sessions
============================================================

Server starting on http://localhost:5000
No Redis required! Using file-based session storage.
 * Serving Flask app 'app'
 * Debug mode: on
Starting Python Profile Comparison Server (No Redis)
============================================================
Session isolation features:
Unique session ID per browser/tab
File-based session storage
Session-specific file storage
Complete data isolation between users
Automatic cleanup of expired sessions
Browser fingerprinting for additional security
Background cleanup tasks
============================================================
Storage directories:
  Sessions: D:\dump2_comparison\sep06_cl\backend\sessions
  Profiles: profile_data
  Uploads: uploads
============================================================
Available endpoints:
  POST /api/upload - Upload profile file
  GET  /api/profiles - Get current session profiles
  POST /api/compare - Compare profiles
  POST /api/clear - Clear current session
  GET  /api/session-info - Get session information
  GET  /api/health - Health check
  GET  /api/debug/all-sessions - Debug all sessions
============================================================

Server starting on http://localhost:5000
No Redis required! Using file-based session storage.
Starting Python Profile Comparison Server (No Redis)
============================================================
Session isolation features:
Unique session ID per browser/tab
File-based session storage
Session-specific file storage
Complete data isolation between users
Automatic cleanup of expired sessions
Browser fingerprinting for additional security
Background cleanup tasks
============================================================
Storage directories:
  Sessions: D:\dump2_comparison\sep06_cl\backend\sessions
  Profiles: profile_data
  Uploads: uploads
============================================================
Available endpoints:
  POST /api/upload - Upload profile file
  GET  /api/profiles - Get current session profiles
  POST /api/compare - Compare profiles
  POST /api/clear - Clear current session
  GET  /api/session-info - Get session information
  GET  /api/health - Health check
  GET  /api/debug/all-sessions - Debug all sessions
============================================================

Server starting on http://localhost:5000
No Redis required! Using file-based session storage.
 * Serving Flask app 'app'
 * Debug mode: on
Starting Python Profile Comparison Server (No Redis)
============================================================
Session isolation features:
Unique session ID per browser/tab
File-based session storage
Session-specific file storage
Complete data isolation between users
Automatic cleanup of expired sessions
Browser fingerprinting for additional security
Background cleanup tasks
============================================================
Storage directories:
  Sessions: D:\dump2_comparison\sep06_cl\backend\sessions
  Profiles: profile_data
  Uploads: uploads
============================================================
Available endpoints:
  POST /api/upload - Upload profile file
  GET  /api/profiles - Get current session profiles
  POST /api/compare - Compare profiles
  POST /api/clear - Clear current session
  GET  /api/session-info - Get session information
  GET  /api/health - Health check
  GET  /api/debug/all-sessions - Debug all sessions
============================================================

Server starting on http://localhost:5000
No Redis required! Using file-based session storage.
Starting Python Profile Comparison Server (No Redis)
============================================================
Session isolation features:
Unique session ID per browser/tab
File-based session storage
Session-specific file storage
Complete data isolation between users
Automatic cleanup of expired sessions
Browser fingerprinting for additional security
Background cleanup tasks
============================================================
Storage directories:
  Sessions: D:\dump2_comparison\sep06_cl\backend\sessions
  Profiles: profile_data
  Uploads: uploads
============================================================
Available endpoints:
  POST /api/upload - Upload profile file
  GET  /api/profiles - Get current session profiles
  POST /api/compare - Compare profiles
  POST /api/clear - Clear current session
  GET  /api/session-info - Get session information
  GET  /api/health - Health check
  GET  /api/debug/all-sessions - Debug all sessions
============================================================

Server starting on http://localhost:5000
No Redis required! Using file-based session storage.
 * Serving Flask app 'app'
 * Debug mode: on
Starting Python Profile Comparison Server (No Redis)
============================================================
Session isolation features:
Unique session ID per browser/tab
File-based session storage
Session-specific file storage
Complete data isolation between users
Automatic cleanup of expired sessions
Browser fingerprinting for additional security
Background cleanup tasks
============================================================
Storage directories:
  Sessions: D:\dump2_comparison\sep06_cl\backend\sessions
  Profiles: profile_data
  Uploads: uploads
============================================================
Available endpoints:
  POST /api/upload - Upload profile file
  GET  /api/profiles - Get current session profiles
  POST /api/compare - Compare profiles
  POST /api/clear - Clear current session
  GET  /api/session-info - Get session information
  GET  /api/health - Health check
  GET  /api/debug/all-sessions - Debug all sessions
============================================================

Server starting on http://localhost:5000
No Redis required! Using file-based session storage.
Starting Python Profile Comparison Server (No Redis)
============================================================
Session isolation features:
Unique session ID per browser/tab
File-based session storage
Session-specific file storage
Complete data isolation between users
Automatic cleanup of expired sessions
Browser fingerprinting for additional security
Background cleanup tasks
============================================================
Storage directories:
  Sessions: D:\dump2_comparison\sep06_cl\backend\sessions
  Profiles: profile_data
  Uploads: uploads
============================================================
Available endpoints:
  POST /api/upload - Upload profile file
  GET  /api/profiles - Get current session profiles
  POST /api/compare - Compare profiles
  POST /api/clear - Clear current session
  GET  /api/session-info - Get session information
  GET  /api/health - Health check
  GET  /api/debug/all-sessions - Debug all sessions
============================================================

Server starting on http://localhost:5000
No Redis required! Using file-based session storage.
 * Serving Flask app 'app'
 * Debug mode: on
Starting Python Profile Comparison Server (No Redis)
============================================================
Session isolation features:
Unique session ID per browser/tab
File-based session storage
Session-specific file storage
Complete data isolation between users
Automatic cleanup of expired sessions
Browser fingerprinting for additional security
Background cleanup tasks
============================================================
Storage directories:
  Sessions: D:\dump2_comparison\sep06_cl\backend\sessions
  Profiles: profile_data
  Uploads: uploads
============================================================
Available endpoints:
  POST /api/upload - Upload profile file
  GET  /api/profiles - Get current session profiles
  POST /api/compare - Compare profiles
  POST /api/clear - Clear current session
  GET  /api/session-info - Get session information
  GET  /api/health - Health check
  GET  /api/debug/all-sessions - Debug all sessions
============================================================

Server starting on http://localhost:5000
No Redis required! Using file-based session storage.
Starting Python Profile Comparison Server (No Redis)
============================================================
Session isolation features:
Unique session ID per browser/tab
File-based session storage
Session-specific file storage
Complete data isolation between users
Automatic cleanup of expired sessions
Browser fingerprinting for additional security
Background cleanup tasks
============================================================
Storage directories:
  Sessions: D:\dump2_comparison\sep06_cl\backend\sessions
  Profiles: profile_data
  Uploads: uploads
============================================================
Available endpoints:
  POST /api/upload - Upload profile file
  GET  /api/profiles - Get current session profiles
  POST /api/compare - Compare profiles
  POST /api/clear - Clear current session
  GET  /api/session-info - Get session information
  GET  /api/health - Health check
  GET  /api/debug/all-sessions - Debug all sessions
============================================================

Server starting on http://localhost:5000
No Redis required! Using file-based session storage.
 * Serving Flask app 'app'
 * Debug mode: on
Starting Python Profile Comparison Server (No Redis)
============================================================
Session isolation features:
Unique session ID per browser/tab
File-based session storage
Session-specific file storage
Complete data isolation between users
Automatic cleanup of expired sessions
Browser fingerprinting for additional security
Background cleanup tasks
============================================================
Storage directories:
  Sessions: D:\dump2_comparison\sep06_cl\backend\sessions
  Profiles: profile_data
  Uploads: uploads
============================================================
Available endpoints:
  POST /api/upload - Upload profile file
  GET  /api/profiles - Get current session profiles
  POST /api/compare - Compare profiles
  POST /api/clear - Clear current session
  GET  /api/session-info - Get session information
  GET  /api/health - Health check
  GET  /api/debug/all-sessions - Debug all sessions
============================================================

Server starting on http://localhost:5000
No Redis required! Using file-based session storage.
Starting Python Profile Comparison Server (No Redis)
============================================================
Session isolation features:
Unique session ID per browser/tab
File-based session storage
Session-specific file storage
Complete data isolation between users
Automatic cleanup of expired sessions
Browser fingerprinting for additional security
Background cleanup tasks
============================================================
Storage directories:
  Sessions: D:\dump2_comparison\sep06_cl\backend\sessions
  Profiles: profile_data
  Uploads: uploads
============================================================
Available endpoints:
  POST /api/upload - Upload profile file
  GET  /api/profiles - Get current session profiles
  POST /api/compare - Compare profiles
  POST /api/clear - Clear current session
  GET  /api/session-info - Get session information
  GET  /api/health - Health check
  GET  /api/debug/all-sessions - Debug all sessions
============================================================

Server starting on http://localhost:5000
No Redis required! Using file-based session storage.
 * Serving Flask app 'app'
 * Debug mode: on
Starting Python Profile Comparison Server (No Redis)
============================================================
Session isolation features:
Unique session ID per browser/tab
File-based session storage
Session-specific file storage
Complete data isolation between users
Automatic cleanup of expired sessions
Browser fingerprinting for additional security
Background cleanup tasks
============================================================
Storage directories:
  Sessions: D:\dump2_comparison\sep06_cl\backend\sessions
  Profiles: profile_data
  Uploads: uploads
============================================================
Available endpoints:
  POST /api/upload - Upload profile file
  GET  /api/profiles - Get current session profiles
  POST /api/compare - Compare profiles
  POST /api/clear - Clear current session
  GET  /api/session-info - Get session information
  GET  /api/health - Health check
  GET  /api/debug/all-sessions - Debug all sessions
============================================================

Server starting on http://localhost:5000
No Redis required! Using file-based session storage.
Starting Python Profile Comparison Server (No Redis)
============================================================
Session isolation features:
Unique session ID per browser/tab
File-based session storage
Session-specific file storage
Complete data isolation between users
Automatic cleanup of expired sessions
Browser fingerprinting for additional security
Background cleanup tasks
============================================================
Storage directories:
  Sessions: D:\dump2_comparison\sep06_cl\backend\sessions
  Profiles: profile_data
  Uploads: uploads
============================================================
Available endpoints:
  POST /api/upload - Upload profile file
  GET  /api/profiles - Get current session profiles
  POST /api/compare - Compare profiles
  POST /api/clear - Clear current session
  GET  /api/session-info - Get session information
  GET  /api/health - Health check
  GET  /api/debug/all-sessions - Debug all sessions
============================================================

Server starting on http://localhost:5000
No Redis required! Using file-based session storage.
 * Serving Flask app 'app'
 * Debug mode: on
Starting Python Profile Comparison Server (No Redis)
============================================================
Session isolation features:
Unique session ID per browser/tab
File-based session storage
Session-specific file storage
Complete data isolation between users
Automatic cleanup of expired sessions
Browser fingerprinting for additional security
Background cleanup tasks
============================================================
Storage directories:
  Sessions: D:\dump2_comparison\sep06_cl\backend\sessions
  Profiles: profile_data
  Uploads: uploads
============================================================
Available endpoints:
  POST /api/upload - Upload profile file
  GET  /api/profiles - Get current session profiles
  POST /api/compare - Compare profiles
  POST /api/clear - Clear current session
  GET  /api/session-info - Get session information
  GET  /api/health - Health check
  GET  /api/debug/all-sessions - Debug all sessions
============================================================

Server starting on http://localhost:5000
No Redis required! Using file-based session storage.
Starting Python Profile Comparison Server (No Redis)
============================================================
Session isolation features:
Unique session ID per browser/tab
File-based session storage
Session-specific file storage
Complete data isolation between users
Automatic cleanup of expired sessions
Browser fingerprinting for additional security
Background cleanup tasks
============================================================
Storage directories:
  Sessions: D:\dump2_comparison\sep06_cl\backend\sessions
  Profiles: profile_data
  Uploads: uploads
============================================================
Available endpoints:
  POST /api/upload - Upload profile file
  GET  /api/profiles - Get current session profiles
  POST /api/compare - Compare profiles
  POST /api/clear - Clear current session
  GET  /api/session-info - Get session information
  GET  /api/health - Health check
  GET  /api/debug/all-sessions - Debug all sessions
============================================================

Server starting on http://localhost:5000
No Redis required! Using file-based session storage.
 * Serving Flask app 'app'
 * Debug mode: on
Starting Python Profile Comparison Server (No Redis)
============================================================
Session isolation features:
Unique session ID per browser/tab
File-based session storage
Session-specific file storage
Complete data isolation between users
Automatic cleanup of expired sessions
Browser fingerprinting for additional security
Background cleanup tasks
============================================================
Storage directories:
  Sessions: D:\dump2_comparison\sep06_cl\backend\sessions
  Profiles: profile_data
  Uploads: uploads
============================================================
Available endpoints:
  POST /api/upload - Upload profile file
  GET  /api/profiles - Get current session profiles
  POST /api/compare - Compare profiles
  POST /api/clear - Clear current session
  GET  /api/session-info - Get session information
  GET  /api/health - Health check
  GET  /api/debug/all-sessions - Debug all sessions
============================================================

Server starting on http://localhost:5000
No Redis required! Using file-based session storage.
Starting Python Profile Comparison Server (No Redis)
============================================================
Session isolation features:
Unique session ID per browser/tab
File-based session storage
Session-specific file storage
Complete data isolation between users
Automatic cleanup of expired sessions
Browser fingerprinting for additional security
Background cleanup tasks
============================================================
Storage directories:
  Sessions: D:\dump2_comparison\sep06_cl\backend\sessions
  Profiles: profile_data
  Uploads: uploads
============================================================
Available endpoints:
  POST /api/upload - Upload profile file
  GET  /api/profiles - Get current session profiles
  POST /api/compare - Compare profiles
  POST /api/clear - Clear current session
  GET  /api/session-info - Get session information
  GET  /api/health - Health check
  GET  /api/debug/all-sessions - Debug all sessions
============================================================

Server starting on http://localhost:5000
No Redis required! Using file-based session storage.
 * Serving Flask app 'app'
 * Debug mode: on
Starting Python Profile Comparison Server (No Redis)
============================================================
Session isolation features:
Unique session ID per browser/tab
File-based session storage
Session-specific file storage
Complete data isolation between users
Automatic cleanup of expired sessions
Browser fingerprinting for additional security
Background cleanup tasks
============================================================
Storage directories:
  Sessions: D:\dump2_comparison\sep06_cl\backend\sessions
  Profiles: profile_data
  Uploads: uploads
============================================================
Available endpoints:
  POST /api/upload - Upload profile file
  GET  /api/profiles - Get current session profiles
  POST /api/compare - Compare profiles
  POST /api/clear - Clear current session
  GET  /api/session-info - Get session information
  GET  /api/health - Health check
  GET  /api/debug/all-sessions - Debug all sessions
============================================================

Server starting on http://localhost:5000
No Redis required! Using file-based session storage.
Starting Python Profile Comparison Server (No Redis)
============================================================
Session isolation features:
Unique session ID per browser/tab
File-based session storage
Session-specific file storage
Complete data isolation between users
Automatic cleanup of expired sessions
Browser fingerprinting for additional security
Background cleanup tasks
============================================================
Storage directories:
  Sessions: D:\dump2_comparison\sep06_cl\backend\sessions
  Profiles: profile_data
  Uploads: uploads
============================================================
Available endpoints:
  POST /api/upload - Upload profile file
  GET  /api/profiles - Get current session profiles
  POST /api/compare - Compare profiles
  POST /api/clear - Clear current session
  GET  /api/session-info - Get session information
  GET  /api/health - Health check
  GET  /api/debug/all-sessions - Debug all sessions
============================================================

Server starting on http://localhost:5000
No Redis required! Using file-based session storage.
 * Serving Flask app 'app'
 * Debug mode: on
Starting Python Profile Comparison Server (No Redis)
============================================================
Session isolation features:
Unique session ID per browser/tab
File-based session storage
Session-specific file storage
Complete data isolation between users
Automatic cleanup of expired sessions
Browser fingerprinting for additional security
Background cleanup tasks
============================================================
Storage directories:
  Sessions: D:\dump2_comparison\sep06_cl\backend\sessions
  Profiles: profile_data
  Uploads: uploads
============================================================
Available endpoints:
  POST /api/upload - Upload profile file
  GET  /api/profiles - Get current session profiles
  POST /api/compare - Compare profiles
  POST /api/clear - Clear current session
  GET  /api/session-info - Get session information
  GET  /api/health - Health check
  GET  /api/debug/all-sessions - Debug all sessions
============================================================

Server starting on http://localhost:5000
No Redis required! Using file-based session storage.
Starting Python Profile Comparison Server (No Redis)
============================================================
Session isolation features:
Unique session ID per browser/tab
File-based session storage
Session-specific file storage
Complete data isolation between users
Automatic cleanup of expired sessions
Browser fingerprinting for additional security
Background cleanup tasks
============================================================
Storage directories:
  Sessions: D:\dump2_comparison\sep06_cl\backend\sessions
  Profiles: profile_data
  Uploads: uploads
============================================================
Available endpoints:
  POST /api/upload - Upload profile file
  GET  /api/profiles - Get current session profiles
  POST /api/compare - Compare profiles
  POST /api/clear - Clear current session
  GET  /api/session-info - Get session information
  GET  /api/health - Health check
  GET  /api/debug/all-sessions - Debug all sessions
============================================================

Server starting on http://localhost:5000
No Redis required! Using file-based session storage.
 * Serving Flask app 'app'
 * Debug mode: on
Starting Python Profile Comparison Server (No Redis)
============================================================
Session isolation features:
Unique session ID per browser/tab
File-based session storage
Session-specific file storage
Complete data isolation between users
Automatic cleanup of expired sessions
Browser fingerprinting for additional security
Background cleanup tasks
============================================================
Storage directories:
  Sessions: D:\dump2_comparison\sep06_cl\backend\sessions
  Profiles: profile_data
  Uploads: uploads
============================================================
Available endpoints:
  POST /api/upload - Upload profile file
  GET  /api/profiles - Get current session profiles
  POST /api/compare - Compare profiles
  POST /api/clear - Clear current session
  GET  /api/session-info - Get session information
  GET  /api/health - Health check
  GET  /api/debug/all-sessions - Debug all sessions
============================================================

Server starting on http://localhost:5000
No Redis required! Using file-based session storage.
Starting Python Profile Comparison Server (No Redis)
============================================================
Session isolation features:
Unique session ID per browser/tab
File-based session storage
Session-specific file storage
Complete data isolation between users
Automatic cleanup of expired sessions
Browser fingerprinting for additional security
Background cleanup tasks
============================================================
Storage directories:
  Sessions: D:\dump2_comparison\sep06_cl\backend\sessions
  Profiles: profile_data
  Uploads: uploads
============================================================
Available endpoints:
  POST /api/upload - Upload profile file
  GET  /api/profiles - Get current session profiles
  POST /api/compare - Compare profiles
  POST /api/clear - Clear current session
  GET  /api/session-info - Get session information
  GET  /api/health - Health check
  GET  /api/debug/all-sessions - Debug all sessions
============================================================

Server starting on http://localhost:5000
No Redis required! Using file-based session storage.
 * Serving Flask app 'app'
 * Debug mode: on
Starting Python Profile Comparison Server (No Redis)
============================================================
Session isolation features:
Unique session ID per browser/tab
File-based session storage
Session-specific file storage
Complete data isolation between users
Automatic cleanup of expired sessions
Browser fingerprinting for additional security
Background cleanup tasks
============================================================
Storage directories:
  Sessions: D:\dump2_comparison\sep06_cl\backend\sessions
  Profiles: profile_data
  Uploads: uploads
============================================================
Available endpoints:
  POST /api/upload - Upload profile file
  GET  /api/profiles - Get current session profiles
  POST /api/compare - Compare profiles
  POST /api/clear - Clear current session
  GET  /api/session-info - Get session information
  GET  /api/health - Health check
  GET  /api/debug/all-sessions - Debug all sessions
============================================================

Server starting on http://localhost:5000
No Redis required! Using file-based session storage.
Starting Python Profile Comparison Server (No Redis)
============================================================
Session isolation features:
Unique session ID per browser/tab
File-based session storage
Session-specific file storage
Complete data isolation between users
Automatic cleanup of expired sessions
Browser fingerprinting for additional security
Background cleanup tasks
============================================================
Storage directories:
  Sessions: D:\dump2_comparison\sep06_cl\backend\sessions
  Profiles: profile_data
  Uploads: uploads
============================================================
Available endpoints:
  POST /api/upload - Upload profile file
  GET  /api/profiles - Get current session profiles
  POST /api/compare - Compare profiles
  POST /api/clear - Clear current session
  GET  /api/session-info - Get session information
  GET  /api/health - Health check
  GET  /api/debug/all-sessions - Debug all sessions
============================================================

Server starting on http://localhost:5000
No Redis required! Using file-based session storage.
 * Serving Flask app 'app'
 * Debug mode: on
Starting Python Profile Comparison Server (No Redis)
============================================================
Session isolation features:
Unique session ID per browser/tab
File-based session storage
Session-specific file storage
Complete data isolation between users
Automatic cleanup of expired sessions
Browser fingerprinting for additional security
Background cleanup tasks
============================================================
Storage directories:
  Sessions: D:\dump2_comparison\sep06_cl\backend\sessions
  Profiles: profile_data
  Uploads: uploads
============================================================
Available endpoints:
  POST /api/upload - Upload profile file
  GET  /api/profiles - Get current session profiles
  POST /api/compare - Compare profiles
  POST /api/clear - Clear current session
  GET  /api/session-info - Get session information
  GET  /api/health - Health check
  GET  /api/debug/all-sessions - Debug all sessions
============================================================

Server starting on http://localhost:5000
No Redis required! Using file-based session storage.
Starting Python Profile Comparison Server (No Redis)
============================================================
Session isolation features:
Unique session ID per browser/tab
File-based session storage
Session-specific file storage
Complete data isolation between users
Automatic cleanup of expired sessions
Browser fingerprinting for additional security
Background cleanup tasks
============================================================
Storage directories:
  Sessions: D:\dump2_comparison\sep06_cl\backend\sessions
  Profiles: profile_data
  Uploads: uploads
============================================================
Available endpoints:
  POST /api/upload - Upload profile file
  GET  /api/profiles - Get current session profiles
  POST /api/compare - Compare profiles
  POST /api/clear - Clear current session
  GET  /api/session-info - Get session information
  GET  /api/health - Health check
  GET  /api/debug/all-sessions - Debug all sessions
============================================================

Server starting on http://localhost:5000
No Redis required! Using file-based session storage.
 * Serving Flask app 'app'
 * Debug mode: on
Starting Python Profile Comparison Server (No Redis)
============================================================
Session isolation features:
Unique session ID per browser/tab
File-based session storage
Session-specific file storage
Complete data isolation between users
Automatic cleanup of expired sessions
Browser fingerprinting for additional security
Background cleanup tasks
============================================================
Storage directories:
  Sessions: D:\dump2_comparison\sep06_cl\backend\sessions
  Profiles: profile_data
  Uploads: uploads
============================================================
Available endpoints:
  POST /api/upload - Upload profile file
  GET  /api/profiles - Get current session profiles
  POST /api/compare - Compare profiles
  POST /api/clear - Clear current session
  GET  /api/session-info - Get session information
  GET  /api/health - Health check
  GET  /api/debug/all-sessions - Debug all sessions
============================================================

Server starting on http://localhost:5000
No Redis required! Using file-based session storage.
