Traceback (most recent call last):
  File "D:\dump2_comparison\sep06_cl\backend\app.py", line 479, in <module>
    print("\u2705 Unique session ID per browser/tab")
  File "D:\Python310\lib\encodings\cp1252.py", line 19, in encode
    return codecs.charmap_encode(input,self.errors,encoding_table)[0]
UnicodeEncodeError: 'charmap' codec can't encode character '\u2705' in position 0: character maps to <undefined>
Traceback (most recent call last):
  File "D:\dump2_comparison\sep06_cl\backend\app.py", line 479, in <module>
    print("\u2705 Unique session ID per browser/tab")
  File "D:\Python310\lib\encodings\cp1252.py", line 19, in encode
    return codecs.charmap_encode(input,self.errors,encoding_table)[0]
UnicodeEncodeError: 'charmap' codec can't encode character '\u2705' in position 0: character maps to <undefined>
Traceback (most recent call last):
  File "D:\dump2_comparison\sep06_cl\backend\app.py", line 479, in <module>
    print("\u2705 Unique session ID per browser/tab")
  File "D:\Python310\lib\encodings\cp1252.py", line 19, in encode
    return codecs.charmap_encode(input,self.errors,encoding_table)[0]
UnicodeEncodeError: 'charmap' codec can't encode character '\u2705' in position 0: character maps to <undefined>
Traceback (most recent call last):
  File "D:\dump2_comparison\sep06_cl\backend\app.py", line 479, in <module>
    print("\u2705 Unique session ID per browser/tab")
  File "D:\Python310\lib\encodings\cp1252.py", line 19, in encode
    return codecs.charmap_encode(input,self.errors,encoding_table)[0]
UnicodeEncodeError: 'charmap' codec can't encode character '\u2705' in position 0: character maps to <undefined>
Traceback (most recent call last):
  File "D:\dump2_comparison\sep06_cl\backend\app.py", line 479, in <module>
    print("\u2705 Unique session ID per browser/tab")
  File "D:\Python310\lib\encodings\cp1252.py", line 19, in encode
    return codecs.charmap_encode(input,self.errors,encoding_table)[0]
UnicodeEncodeError: 'charmap' codec can't encode character '\u2705' in position 0: character maps to <undefined>
Traceback (most recent call last):
  File "D:\dump2_comparison\sep06_cl\backend\app.py", line 479, in <module>
    print("\u2705 Unique session ID per browser/tab")
  File "D:\Python310\lib\encodings\cp1252.py", line 19, in encode
    return codecs.charmap_encode(input,self.errors,encoding_table)[0]
UnicodeEncodeError: 'charmap' codec can't encode character '\u2705' in position 0: character maps to <undefined>
Traceback (most recent call last):
  File "D:\dump2_comparison\sep06_cl\backend\app.py", line 479, in <module>
    print("\u2705 Unique session ID per browser/tab")
  File "D:\Python310\lib\encodings\cp1252.py", line 19, in encode
    return codecs.charmap_encode(input,self.errors,encoding_table)[0]
UnicodeEncodeError: 'charmap' codec can't encode character '\u2705' in position 0: character maps to <undefined>
Traceback (most recent call last):
  File "D:\dump2_comparison\sep06_cl\backend\app.py", line 479, in <module>
    print("\u2705 Unique session ID per browser/tab")
  File "D:\Python310\lib\encodings\cp1252.py", line 19, in encode
    return codecs.charmap_encode(input,self.errors,encoding_table)[0]
UnicodeEncodeError: 'charmap' codec can't encode character '\u2705' in position 0: character maps to <undefined>
Traceback (most recent call last):
  File "D:\dump2_comparison\sep06_cl\backend\app.py", line 479, in <module>
    print("\u2705 Unique session ID per browser/tab")
  File "D:\Python310\lib\encodings\cp1252.py", line 19, in encode
    return codecs.charmap_encode(input,self.errors,encoding_table)[0]
UnicodeEncodeError: 'charmap' codec can't encode character '\u2705' in position 0: character maps to <undefined>
Traceback (most recent call last):
  File "D:\dump2_comparison\sep06_cl\backend\app.py", line 479, in <module>
    print("\u2705 Unique session ID per browser/tab")
  File "D:\Python310\lib\encodings\cp1252.py", line 19, in encode
    return codecs.charmap_encode(input,self.errors,encoding_table)[0]
UnicodeEncodeError: 'charmap' codec can't encode character '\u2705' in position 0: character maps to <undefined>
Traceback (most recent call last):
  File "D:\dump2_comparison\sep06_cl\backend\app.py", line 479, in <module>
    print("\u2705 Unique session ID per browser/tab")
  File "D:\Python310\lib\encodings\cp1252.py", line 19, in encode
    return codecs.charmap_encode(input,self.errors,encoding_table)[0]
UnicodeEncodeError: 'charmap' codec can't encode character '\u2705' in position 0: character maps to <undefined>
Traceback (most recent call last):
  File "D:\dump2_comparison\sep06_cl\backend\app.py", line 479, in <module>
    print("\u2705 Unique session ID per browser/tab")
  File "D:\Python310\lib\encodings\cp1252.py", line 19, in encode
    return codecs.charmap_encode(input,self.errors,encoding_table)[0]
UnicodeEncodeError: 'charmap' codec can't encode character '\u2705' in position 0: character maps to <undefined>
Traceback (most recent call last):
  File "D:\dump2_comparison\sep06_cl\backend\app.py", line 479, in <module>
    print("\u2705 Unique session ID per browser/tab")
  File "D:\Python310\lib\encodings\cp1252.py", line 19, in encode
    return codecs.charmap_encode(input,self.errors,encoding_table)[0]
UnicodeEncodeError: 'charmap' codec can't encode character '\u2705' in position 0: character maps to <undefined>
Traceback (most recent call last):
  File "D:\dump2_comparison\sep06_cl\backend\app.py", line 479, in <module>
    print("\u2705 Unique session ID per browser/tab")
  File "D:\Python310\lib\encodings\cp1252.py", line 19, in encode
    return codecs.charmap_encode(input,self.errors,encoding_table)[0]
UnicodeEncodeError: 'charmap' codec can't encode character '\u2705' in position 0: character maps to <undefined>
Traceback (most recent call last):
  File "D:\dump2_comparison\sep06_cl\backend\app.py", line 479, in <module>
    print("\u2705 Unique session ID per browser/tab")
  File "D:\Python310\lib\encodings\cp1252.py", line 19, in encode
    return codecs.charmap_encode(input,self.errors,encoding_table)[0]
UnicodeEncodeError: 'charmap' codec can't encode character '\u2705' in position 0: character maps to <undefined>
Traceback (most recent call last):
  File "D:\dump2_comparison\sep06_cl\backend\app.py", line 479, in <module>
    print("\u2705 Unique session ID per browser/tab")
  File "D:\Python310\lib\encodings\cp1252.py", line 19, in encode
    return codecs.charmap_encode(input,self.errors,encoding_table)[0]
UnicodeEncodeError: 'charmap' codec can't encode character '\u2705' in position 0: character maps to <undefined>
Traceback (most recent call last):
  File "D:\dump2_comparison\sep06_cl\backend\app.py", line 479, in <module>
    print("\u2705 Unique session ID per browser/tab")
  File "D:\Python310\lib\encodings\cp1252.py", line 19, in encode
    return codecs.charmap_encode(input,self.errors,encoding_table)[0]
UnicodeEncodeError: 'charmap' codec can't encode character '\u2705' in position 0: character maps to <undefined>
Traceback (most recent call last):
  File "D:\dump2_comparison\sep06_cl\backend\app.py", line 479, in <module>
    print("\u2705 Unique session ID per browser/tab")
  File "D:\Python310\lib\encodings\cp1252.py", line 19, in encode
    return codecs.charmap_encode(input,self.errors,encoding_table)[0]
UnicodeEncodeError: 'charmap' codec can't encode character '\u2705' in position 0: character maps to <undefined>
Traceback (most recent call last):
  File "D:\dump2_comparison\sep06_cl\backend\app.py", line 479, in <module>
    print("\u2705 Unique session ID per browser/tab")
  File "D:\Python310\lib\encodings\cp1252.py", line 19, in encode
    return codecs.charmap_encode(input,self.errors,encoding_table)[0]
UnicodeEncodeError: 'charmap' codec can't encode character '\u2705' in position 0: character maps to <undefined>
Traceback (most recent call last):
  File "D:\dump2_comparison\sep06_cl\backend\app.py", line 479, in <module>
    print("\u2705 Unique session ID per browser/tab")
  File "D:\Python310\lib\encodings\cp1252.py", line 19, in encode
    return codecs.charmap_encode(input,self.errors,encoding_table)[0]
UnicodeEncodeError: 'charmap' codec can't encode character '\u2705' in position 0: character maps to <undefined>
Traceback (most recent call last):
  File "D:\dump2_comparison\sep06_cl\backend\app.py", line 479, in <module>
    print("\u2705 Unique session ID per browser/tab")
  File "D:\Python310\lib\encodings\cp1252.py", line 19, in encode
    return codecs.charmap_encode(input,self.errors,encoding_table)[0]
UnicodeEncodeError: 'charmap' codec can't encode character '\u2705' in position 0: character maps to <undefined>
Traceback (most recent call last):
  File "D:\dump2_comparison\sep06_cl\backend\app.py", line 479, in <module>
    print("\u2705 Unique session ID per browser/tab")
  File "D:\Python310\lib\encodings\cp1252.py", line 19, in encode
    return codecs.charmap_encode(input,self.errors,encoding_table)[0]
UnicodeEncodeError: 'charmap' codec can't encode character '\u2705' in position 0: character maps to <undefined>
Traceback (most recent call last):
  File "D:\dump2_comparison\sep06_cl\backend\app.py", line 479, in <module>
    print("\u2705 Unique session ID per browser/tab")
  File "D:\Python310\lib\encodings\cp1252.py", line 19, in encode
    return codecs.charmap_encode(input,self.errors,encoding_table)[0]
UnicodeEncodeError: 'charmap' codec can't encode character '\u2705' in position 0: character maps to <undefined>
Traceback (most recent call last):
  File "D:\dump2_comparison\sep06_cl\backend\app.py", line 479, in <module>
    print("\u2705 Unique session ID per browser/tab")
  File "D:\Python310\lib\encodings\cp1252.py", line 19, in encode
    return codecs.charmap_encode(input,self.errors,encoding_table)[0]
UnicodeEncodeError: 'charmap' codec can't encode character '\u2705' in position 0: character maps to <undefined>
Traceback (most recent call last):
  File "D:\dump2_comparison\sep06_cl\backend\app.py", line 479, in <module>
    print("\u2705 Unique session ID per browser/tab")
  File "D:\Python310\lib\encodings\cp1252.py", line 19, in encode
    return codecs.charmap_encode(input,self.errors,encoding_table)[0]
UnicodeEncodeError: 'charmap' codec can't encode character '\u2705' in position 0: character maps to <undefined>
Traceback (most recent call last):
  File "D:\dump2_comparison\sep06_cl\backend\app.py", line 479, in <module>
    print("\u2705 Unique session ID per browser/tab")
  File "D:\Python310\lib\encodings\cp1252.py", line 19, in encode
    return codecs.charmap_encode(input,self.errors,encoding_table)[0]
UnicodeEncodeError: 'charmap' codec can't encode character '\u2705' in position 0: character maps to <undefined>
Traceback (most recent call last):
  File "D:\dump2_comparison\sep06_cl\backend\app.py", line 479, in <module>
    print("\u2705 Unique session ID per browser/tab")
  File "D:\Python310\lib\encodings\cp1252.py", line 19, in encode
    return codecs.charmap_encode(input,self.errors,encoding_table)[0]
UnicodeEncodeError: 'charmap' codec can't encode character '\u2705' in position 0: character maps to <undefined>
Traceback (most recent call last):
  File "D:\dump2_comparison\sep06_cl\backend\app.py", line 479, in <module>
    print("\u2705 Unique session ID per browser/tab")
  File "D:\Python310\lib\encodings\cp1252.py", line 19, in encode
    return codecs.charmap_encode(input,self.errors,encoding_table)[0]
UnicodeEncodeError: 'charmap' codec can't encode character '\u2705' in position 0: character maps to <undefined>
Traceback (most recent call last):
  File "D:\dump2_comparison\sep06_cl\backend\app.py", line 479, in <module>
    print("\u2705 Unique session ID per browser/tab")
  File "D:\Python310\lib\encodings\cp1252.py", line 19, in encode
    return codecs.charmap_encode(input,self.errors,encoding_table)[0]
UnicodeEncodeError: 'charmap' codec can't encode character '\u2705' in position 0: character maps to <undefined>
Traceback (most recent call last):
  File "D:\dump2_comparison\sep06_cl\backend\app.py", line 479, in <module>
    print("\u2705 Unique session ID per browser/tab")
  File "D:\Python310\lib\encodings\cp1252.py", line 19, in encode
    return codecs.charmap_encode(input,self.errors,encoding_table)[0]
UnicodeEncodeError: 'charmap' codec can't encode character '\u2705' in position 0: character maps to <undefined>
Traceback (most recent call last):
  File "D:\dump2_comparison\sep06_cl\backend\app.py", line 479, in <module>
    print("\u2705 Unique session ID per browser/tab")
  File "D:\Python310\lib\encodings\cp1252.py", line 19, in encode
    return codecs.charmap_encode(input,self.errors,encoding_table)[0]
UnicodeEncodeError: 'charmap' codec can't encode character '\u2705' in position 0: character maps to <undefined>
Traceback (most recent call last):
  File "D:\dump2_comparison\sep06_cl\backend\app.py", line 479, in <module>
    print("\u2705 Unique session ID per browser/tab")
  File "D:\Python310\lib\encodings\cp1252.py", line 19, in encode
    return codecs.charmap_encode(input,self.errors,encoding_table)[0]
UnicodeEncodeError: 'charmap' codec can't encode character '\u2705' in position 0: character maps to <undefined>
Traceback (most recent call last):
  File "D:\dump2_comparison\sep06_cl\backend\app.py", line 479, in <module>
    print("\u2705 Unique session ID per browser/tab")
  File "D:\Python310\lib\encodings\cp1252.py", line 19, in encode
    return codecs.charmap_encode(input,self.errors,encoding_table)[0]
UnicodeEncodeError: 'charmap' codec can't encode character '\u2705' in position 0: character maps to <undefined>
Traceback (most recent call last):
  File "D:\dump2_comparison\sep06_cl\backend\app.py", line 479, in <module>
    print("\u2705 Unique session ID per browser/tab")
  File "D:\Python310\lib\encodings\cp1252.py", line 19, in encode
    return codecs.charmap_encode(input,self.errors,encoding_table)[0]
UnicodeEncodeError: 'charmap' codec can't encode character '\u2705' in position 0: character maps to <undefined>
Traceback (most recent call last):
  File "D:\dump2_comparison\sep06_cl\backend\app.py", line 479, in <module>
    print("\u2705 Unique session ID per browser/tab")
  File "D:\Python310\lib\encodings\cp1252.py", line 19, in encode
    return codecs.charmap_encode(input,self.errors,encoding_table)[0]
UnicodeEncodeError: 'charmap' codec can't encode character '\u2705' in position 0: character maps to <undefined>
Traceback (most recent call last):
  File "D:\dump2_comparison\sep06_cl\backend\app.py", line 479, in <module>
    print("\u2705 Unique session ID per browser/tab")
  File "D:\Python310\lib\encodings\cp1252.py", line 19, in encode
    return codecs.charmap_encode(input,self.errors,encoding_table)[0]
UnicodeEncodeError: 'charmap' codec can't encode character '\u2705' in position 0: character maps to <undefined>
Traceback (most recent call last):
  File "D:\dump2_comparison\sep06_cl\backend\app.py", line 479, in <module>
    print("\u2705 Unique session ID per browser/tab")
  File "D:\Python310\lib\encodings\cp1252.py", line 19, in encode
    return codecs.charmap_encode(input,self.errors,encoding_table)[0]
UnicodeEncodeError: 'charmap' codec can't encode character '\u2705' in position 0: character maps to <undefined>
Traceback (most recent call last):
  File "D:\dump2_comparison\sep06_cl\backend\app.py", line 479, in <module>
    print("\u2705 Unique session ID per browser/tab")
  File "D:\Python310\lib\encodings\cp1252.py", line 19, in encode
    return codecs.charmap_encode(input,self.errors,encoding_table)[0]
UnicodeEncodeError: 'charmap' codec can't encode character '\u2705' in position 0: character maps to <undefined>
Traceback (most recent call last):
  File "D:\dump2_comparison\sep06_cl\backend\app.py", line 479, in <module>
    print("\u2705 Unique session ID per browser/tab")
  File "D:\Python310\lib\encodings\cp1252.py", line 19, in encode
    return codecs.charmap_encode(input,self.errors,encoding_table)[0]
UnicodeEncodeError: 'charmap' codec can't encode character '\u2705' in position 0: character maps to <undefined>
Traceback (most recent call last):
  File "D:\dump2_comparison\sep06_cl\backend\app.py", line 479, in <module>
    print("\u2705 Unique session ID per browser/tab")
  File "D:\Python310\lib\encodings\cp1252.py", line 19, in encode
    return codecs.charmap_encode(input,self.errors,encoding_table)[0]
UnicodeEncodeError: 'charmap' codec can't encode character '\u2705' in position 0: character maps to <undefined>
Traceback (most recent call last):
  File "D:\dump2_comparison\sep06_cl\backend\app.py", line 479, in <module>
    print("\u2705 Unique session ID per browser/tab")
  File "D:\Python310\lib\encodings\cp1252.py", line 19, in encode
    return codecs.charmap_encode(input,self.errors,encoding_table)[0]
UnicodeEncodeError: 'charmap' codec can't encode character '\u2705' in position 0: character maps to <undefined>
Traceback (most recent call last):
  File "D:\dump2_comparison\sep06_cl\backend\app.py", line 479, in <module>
    print("\u2705 Unique session ID per browser/tab")
  File "D:\Python310\lib\encodings\cp1252.py", line 19, in encode
    return codecs.charmap_encode(input,self.errors,encoding_table)[0]
UnicodeEncodeError: 'charmap' codec can't encode character '\u2705' in position 0: character maps to <undefined>
Traceback (most recent call last):
  File "D:\dump2_comparison\sep06_cl\backend\app.py", line 479, in <module>
    print("\u2705 Unique session ID per browser/tab")
  File "D:\Python310\lib\encodings\cp1252.py", line 19, in encode
    return codecs.charmap_encode(input,self.errors,encoding_table)[0]
UnicodeEncodeError: 'charmap' codec can't encode character '\u2705' in position 0: character maps to <undefined>
Traceback (most recent call last):
  File "D:\dump2_comparison\sep06_cl\backend\app.py", line 479, in <module>
    print("\u2705 Unique session ID per browser/tab")
  File "D:\Python310\lib\encodings\cp1252.py", line 19, in encode
    return codecs.charmap_encode(input,self.errors,encoding_table)[0]
UnicodeEncodeError: 'charmap' codec can't encode character '\u2705' in position 0: character maps to <undefined>
Traceback (most recent call last):
  File "D:\dump2_comparison\sep06_cl\backend\app.py", line 479, in <module>
    print("\u2705 Unique session ID per browser/tab")
  File "D:\Python310\lib\encodings\cp1252.py", line 19, in encode
    return codecs.charmap_encode(input,self.errors,encoding_table)[0]
UnicodeEncodeError: 'charmap' codec can't encode character '\u2705' in position 0: character maps to <undefined>
Traceback (most recent call last):
  File "D:\dump2_comparison\sep06_cl\backend\app.py", line 479, in <module>
    print("\u2705 Unique session ID per browser/tab")
  File "D:\Python310\lib\encodings\cp1252.py", line 19, in encode
    return codecs.charmap_encode(input,self.errors,encoding_table)[0]
UnicodeEncodeError: 'charmap' codec can't encode character '\u2705' in position 0: character maps to <undefined>
Traceback (most recent call last):
  File "D:\dump2_comparison\sep06_cl\backend\app.py", line 479, in <module>
    print("\u2705 Unique session ID per browser/tab")
  File "D:\Python310\lib\encodings\cp1252.py", line 19, in encode
    return codecs.charmap_encode(input,self.errors,encoding_table)[0]
UnicodeEncodeError: 'charmap' codec can't encode character '\u2705' in position 0: character maps to <undefined>
Traceback (most recent call last):
  File "D:\dump2_comparison\sep06_cl\backend\app.py", line 479, in <module>
    print("\u2705 Unique session ID per browser/tab")
  File "D:\Python310\lib\encodings\cp1252.py", line 19, in encode
    return codecs.charmap_encode(input,self.errors,encoding_table)[0]
UnicodeEncodeError: 'charmap' codec can't encode character '\u2705' in position 0: character maps to <undefined>
Traceback (most recent call last):
  File "D:\dump2_comparison\sep06_cl\backend\app.py", line 479, in <module>
    print("\u2705 Unique session ID per browser/tab")
  File "D:\Python310\lib\encodings\cp1252.py", line 19, in encode
    return codecs.charmap_encode(input,self.errors,encoding_table)[0]
UnicodeEncodeError: 'charmap' codec can't encode character '\u2705' in position 0: character maps to <undefined>
Traceback (most recent call last):
  File "D:\dump2_comparison\sep06_cl\backend\app.py", line 479, in <module>
    print("\u2705 Unique session ID per browser/tab")
  File "D:\Python310\lib\encodings\cp1252.py", line 19, in encode
    return codecs.charmap_encode(input,self.errors,encoding_table)[0]
UnicodeEncodeError: 'charmap' codec can't encode character '\u2705' in position 0: character maps to <undefined>
Traceback (most recent call last):
  File "D:\dump2_comparison\sep06_cl\backend\app.py", line 479, in <module>
    print("\u2705 Unique session ID per browser/tab")
  File "D:\Python310\lib\encodings\cp1252.py", line 19, in encode
    return codecs.charmap_encode(input,self.errors,encoding_table)[0]
UnicodeEncodeError: 'charmap' codec can't encode character '\u2705' in position 0: character maps to <undefined>
Traceback (most recent call last):
  File "D:\dump2_comparison\sep06_cl\backend\app.py", line 479, in <module>
    print("\u2705 Unique session ID per browser/tab")
  File "D:\Python310\lib\encodings\cp1252.py", line 19, in encode
    return codecs.charmap_encode(input,self.errors,encoding_table)[0]
UnicodeEncodeError: 'charmap' codec can't encode character '\u2705' in position 0: character maps to <undefined>
Traceback (most recent call last):
  File "D:\dump2_comparison\sep06_cl\backend\app.py", line 479, in <module>
    print("\u2705 Unique session ID per browser/tab")
  File "D:\Python310\lib\encodings\cp1252.py", line 19, in encode
    return codecs.charmap_encode(input,self.errors,encoding_table)[0]
UnicodeEncodeError: 'charmap' codec can't encode character '\u2705' in position 0: character maps to <undefined>
Traceback (most recent call last):
  File "D:\dump2_comparison\sep06_cl\backend\app.py", line 479, in <module>
    print("\u2705 Unique session ID per browser/tab")
  File "D:\Python310\lib\encodings\cp1252.py", line 19, in encode
    return codecs.charmap_encode(input,self.errors,encoding_table)[0]
UnicodeEncodeError: 'charmap' codec can't encode character '\u2705' in position 0: character maps to <undefined>
Traceback (most recent call last):
  File "D:\dump2_comparison\sep06_cl\backend\app.py", line 479, in <module>
    print("\u2705 Unique session ID per browser/tab")
  File "D:\Python310\lib\encodings\cp1252.py", line 19, in encode
    return codecs.charmap_encode(input,self.errors,encoding_table)[0]
UnicodeEncodeError: 'charmap' codec can't encode character '\u2705' in position 0: character maps to <undefined>
Traceback (most recent call last):
  File "D:\dump2_comparison\sep06_cl\backend\app.py", line 479, in <module>
    print("\u2705 Unique session ID per browser/tab")
  File "D:\Python310\lib\encodings\cp1252.py", line 19, in encode
    return codecs.charmap_encode(input,self.errors,encoding_table)[0]
UnicodeEncodeError: 'charmap' codec can't encode character '\u2705' in position 0: character maps to <undefined>
Traceback (most recent call last):
  File "D:\dump2_comparison\sep06_cl\backend\app.py", line 479, in <module>
    print("\u2705 Unique session ID per browser/tab")
  File "D:\Python310\lib\encodings\cp1252.py", line 19, in encode
    return codecs.charmap_encode(input,self.errors,encoding_table)[0]
UnicodeEncodeError: 'charmap' codec can't encode character '\u2705' in position 0: character maps to <undefined>
Traceback (most recent call last):
  File "D:\dump2_comparison\sep06_cl\backend\app.py", line 479, in <module>
    print("\u2705 Unique session ID per browser/tab")
  File "D:\Python310\lib\encodings\cp1252.py", line 19, in encode
    return codecs.charmap_encode(input,self.errors,encoding_table)[0]
UnicodeEncodeError: 'charmap' codec can't encode character '\u2705' in position 0: character maps to <undefined>
Traceback (most recent call last):
  File "D:\dump2_comparison\sep06_cl\backend\app.py", line 479, in <module>
    print("\u2705 Unique session ID per browser/tab")
  File "D:\Python310\lib\encodings\cp1252.py", line 19, in encode
    return codecs.charmap_encode(input,self.errors,encoding_table)[0]
UnicodeEncodeError: 'charmap' codec can't encode character '\u2705' in position 0: character maps to <undefined>
Traceback (most recent call last):
  File "D:\dump2_comparison\sep06_cl\backend\app.py", line 479, in <module>
    print("\u2705 Unique session ID per browser/tab")
  File "D:\Python310\lib\encodings\cp1252.py", line 19, in encode
    return codecs.charmap_encode(input,self.errors,encoding_table)[0]
UnicodeEncodeError: 'charmap' codec can't encode character '\u2705' in position 0: character maps to <undefined>
Traceback (most recent call last):
  File "D:\dump2_comparison\sep06_cl\backend\app.py", line 479, in <module>
    print("\u2705 Unique session ID per browser/tab")
  File "D:\Python310\lib\encodings\cp1252.py", line 19, in encode
    return codecs.charmap_encode(input,self.errors,encoding_table)[0]
UnicodeEncodeError: 'charmap' codec can't encode character '\u2705' in position 0: character maps to <undefined>
Traceback (most recent call last):
  File "D:\dump2_comparison\sep06_cl\backend\app.py", line 479, in <module>
    print("\u2705 Unique session ID per browser/tab")
  File "D:\Python310\lib\encodings\cp1252.py", line 19, in encode
    return codecs.charmap_encode(input,self.errors,encoding_table)[0]
UnicodeEncodeError: 'charmap' codec can't encode character '\u2705' in position 0: character maps to <undefined>
Traceback (most recent call last):
  File "D:\dump2_comparison\sep06_cl\backend\app.py", line 479, in <module>
    print("\u2705 Unique session ID per browser/tab")
  File "D:\Python310\lib\encodings\cp1252.py", line 19, in encode
    return codecs.charmap_encode(input,self.errors,encoding_table)[0]
UnicodeEncodeError: 'charmap' codec can't encode character '\u2705' in position 0: character maps to <undefined>
Traceback (most recent call last):
  File "D:\dump2_comparison\sep06_cl\backend\app.py", line 479, in <module>
    print("\u2705 Unique session ID per browser/tab")
  File "D:\Python310\lib\encodings\cp1252.py", line 19, in encode
    return codecs.charmap_encode(input,self.errors,encoding_table)[0]
UnicodeEncodeError: 'charmap' codec can't encode character '\u2705' in position 0: character maps to <undefined>
Traceback (most recent call last):
  File "D:\dump2_comparison\sep06_cl\backend\app.py", line 479, in <module>
    print("\u2705 Unique session ID per browser/tab")
  File "D:\Python310\lib\encodings\cp1252.py", line 19, in encode
    return codecs.charmap_encode(input,self.errors,encoding_table)[0]
UnicodeEncodeError: 'charmap' codec can't encode character '\u2705' in position 0: character maps to <undefined>
Traceback (most recent call last):
  File "D:\dump2_comparison\sep06_cl\backend\app.py", line 479, in <module>
    print("\u2705 Unique session ID per browser/tab")
  File "D:\Python310\lib\encodings\cp1252.py", line 19, in encode
    return codecs.charmap_encode(input,self.errors,encoding_table)[0]
UnicodeEncodeError: 'charmap' codec can't encode character '\u2705' in position 0: character maps to <undefined>
Traceback (most recent call last):
  File "D:\dump2_comparison\sep06_cl\backend\app.py", line 479, in <module>
    print("\u2705 Unique session ID per browser/tab")
  File "D:\Python310\lib\encodings\cp1252.py", line 19, in encode
    return codecs.charmap_encode(input,self.errors,encoding_table)[0]
UnicodeEncodeError: 'charmap' codec can't encode character '\u2705' in position 0: character maps to <undefined>
Traceback (most recent call last):
  File "D:\dump2_comparison\sep06_cl\backend\app.py", line 479, in <module>
    print("\u2705 Unique session ID per browser/tab")
  File "D:\Python310\lib\encodings\cp1252.py", line 19, in encode
    return codecs.charmap_encode(input,self.errors,encoding_table)[0]
UnicodeEncodeError: 'charmap' codec can't encode character '\u2705' in position 0: character maps to <undefined>
Traceback (most recent call last):
  File "D:\dump2_comparison\sep06_cl\backend\app.py", line 479, in <module>
    print("\u2705 Unique session ID per browser/tab")
  File "D:\Python310\lib\encodings\cp1252.py", line 19, in encode
    return codecs.charmap_encode(input,self.errors,encoding_table)[0]
UnicodeEncodeError: 'charmap' codec can't encode character '\u2705' in position 0: character maps to <undefined>
Traceback (most recent call last):
  File "D:\dump2_comparison\sep06_cl\backend\app.py", line 479, in <module>
    print("\u2705 Unique session ID per browser/tab")
  File "D:\Python310\lib\encodings\cp1252.py", line 19, in encode
    return codecs.charmap_encode(input,self.errors,encoding_table)[0]
UnicodeEncodeError: 'charmap' codec can't encode character '\u2705' in position 0: character maps to <undefined>
Traceback (most recent call last):
  File "D:\dump2_comparison\sep06_cl\backend\app.py", line 479, in <module>
    print("\u2705 Unique session ID per browser/tab")
  File "D:\Python310\lib\encodings\cp1252.py", line 19, in encode
    return codecs.charmap_encode(input,self.errors,encoding_table)[0]
UnicodeEncodeError: 'charmap' codec can't encode character '\u2705' in position 0: character maps to <undefined>
Traceback (most recent call last):
  File "D:\dump2_comparison\sep06_cl\backend\app.py", line 479, in <module>
    print("\u2705 Unique session ID per browser/tab")
  File "D:\Python310\lib\encodings\cp1252.py", line 19, in encode
    return codecs.charmap_encode(input,self.errors,encoding_table)[0]
UnicodeEncodeError: 'charmap' codec can't encode character '\u2705' in position 0: character maps to <undefined>
Traceback (most recent call last):
  File "D:\dump2_comparison\sep06_cl\backend\app.py", line 479, in <module>
    print("\u2705 Unique session ID per browser/tab")
  File "D:\Python310\lib\encodings\cp1252.py", line 19, in encode
    return codecs.charmap_encode(input,self.errors,encoding_table)[0]
UnicodeEncodeError: 'charmap' codec can't encode character '\u2705' in position 0: character maps to <undefined>
Traceback (most recent call last):
  File "D:\dump2_comparison\sep06_cl\backend\app.py", line 479, in <module>
    print("\u2705 Unique session ID per browser/tab")
  File "D:\Python310\lib\encodings\cp1252.py", line 19, in encode
    return codecs.charmap_encode(input,self.errors,encoding_table)[0]
UnicodeEncodeError: 'charmap' codec can't encode character '\u2705' in position 0: character maps to <undefined>
Traceback (most recent call last):
  File "D:\dump2_comparison\sep06_cl\backend\app.py", line 479, in <module>
    print("\u2705 Unique session ID per browser/tab")
  File "D:\Python310\lib\encodings\cp1252.py", line 19, in encode
    return codecs.charmap_encode(input,self.errors,encoding_table)[0]
UnicodeEncodeError: 'charmap' codec can't encode character '\u2705' in position 0: character maps to <undefined>
Traceback (most recent call last):
  File "D:\dump2_comparison\sep06_cl\backend\app.py", line 479, in <module>
    print("\u2705 Unique session ID per browser/tab")
  File "D:\Python310\lib\encodings\cp1252.py", line 19, in encode
    return codecs.charmap_encode(input,self.errors,encoding_table)[0]
UnicodeEncodeError: 'charmap' codec can't encode character '\u2705' in position 0: character maps to <undefined>
Traceback (most recent call last):
  File "D:\dump2_comparison\sep06_cl\backend\app.py", line 479, in <module>
    print("\u2705 Unique session ID per browser/tab")
  File "D:\Python310\lib\encodings\cp1252.py", line 19, in encode
    return codecs.charmap_encode(input,self.errors,encoding_table)[0]
UnicodeEncodeError: 'charmap' codec can't encode character '\u2705' in position 0: character maps to <undefined>
Traceback (most recent call last):
  File "D:\dump2_comparison\sep06_cl\backend\app.py", line 479, in <module>
    print("\u2705 Unique session ID per browser/tab")
  File "D:\Python310\lib\encodings\cp1252.py", line 19, in encode
    return codecs.charmap_encode(input,self.errors,encoding_table)[0]
UnicodeEncodeError: 'charmap' codec can't encode character '\u2705' in position 0: character maps to <undefined>
Traceback (most recent call last):
  File "D:\dump2_comparison\sep06_cl\backend\app.py", line 479, in <module>
    print("\u2705 Unique session ID per browser/tab")
  File "D:\Python310\lib\encodings\cp1252.py", line 19, in encode
    return codecs.charmap_encode(input,self.errors,encoding_table)[0]
UnicodeEncodeError: 'charmap' codec can't encode character '\u2705' in position 0: character maps to <undefined>
Traceback (most recent call last):
  File "D:\dump2_comparison\sep06_cl\backend\app.py", line 479, in <module>
    print("\u2705 Unique session ID per browser/tab")
  File "D:\Python310\lib\encodings\cp1252.py", line 19, in encode
    return codecs.charmap_encode(input,self.errors,encoding_table)[0]
UnicodeEncodeError: 'charmap' codec can't encode character '\u2705' in position 0: character maps to <undefined>
Traceback (most recent call last):
  File "D:\dump2_comparison\sep06_cl\backend\app.py", line 479, in <module>
    print("\u2705 Unique session ID per browser/tab")
  File "D:\Python310\lib\encodings\cp1252.py", line 19, in encode
    return codecs.charmap_encode(input,self.errors,encoding_table)[0]
UnicodeEncodeError: 'charmap' codec can't encode character '\u2705' in position 0: character maps to <undefined>
Traceback (most recent call last):
  File "D:\dump2_comparison\sep06_cl\backend\app.py", line 479, in <module>
    print("\u2705 Unique session ID per browser/tab")
  File "D:\Python310\lib\encodings\cp1252.py", line 19, in encode
    return codecs.charmap_encode(input,self.errors,encoding_table)[0]
UnicodeEncodeError: 'charmap' codec can't encode character '\u2705' in position 0: character maps to <undefined>
Traceback (most recent call last):
  File "D:\dump2_comparison\sep06_cl\backend\app.py", line 479, in <module>
    print("\u2705 Unique session ID per browser/tab")
  File "D:\Python310\lib\encodings\cp1252.py", line 19, in encode
    return codecs.charmap_encode(input,self.errors,encoding_table)[0]
UnicodeEncodeError: 'charmap' codec can't encode character '\u2705' in position 0: character maps to <undefined>
Traceback (most recent call last):
  File "D:\dump2_comparison\sep06_cl\backend\app.py", line 479, in <module>
    print("\u2705 Unique session ID per browser/tab")
  File "D:\Python310\lib\encodings\cp1252.py", line 19, in encode
    return codecs.charmap_encode(input,self.errors,encoding_table)[0]
UnicodeEncodeError: 'charmap' codec can't encode character '\u2705' in position 0: character maps to <undefined>
Traceback (most recent call last):
  File "D:\dump2_comparison\sep06_cl\backend\app.py", line 479, in <module>
    print("\u2705 Unique session ID per browser/tab")
  File "D:\Python310\lib\encodings\cp1252.py", line 19, in encode
    return codecs.charmap_encode(input,self.errors,encoding_table)[0]
UnicodeEncodeError: 'charmap' codec can't encode character '\u2705' in position 0: character maps to <undefined>
Traceback (most recent call last):
  File "D:\dump2_comparison\sep06_cl\backend\app.py", line 479, in <module>
    print("\u2705 Unique session ID per browser/tab")
  File "D:\Python310\lib\encodings\cp1252.py", line 19, in encode
    return codecs.charmap_encode(input,self.errors,encoding_table)[0]
UnicodeEncodeError: 'charmap' codec can't encode character '\u2705' in position 0: character maps to <undefined>
Traceback (most recent call last):
  File "D:\dump2_comparison\sep06_cl\backend\app.py", line 479, in <module>
    print("\u2705 Unique session ID per browser/tab")
  File "D:\Python310\lib\encodings\cp1252.py", line 19, in encode
    return codecs.charmap_encode(input,self.errors,encoding_table)[0]
UnicodeEncodeError: 'charmap' codec can't encode character '\u2705' in position 0: character maps to <undefined>
Traceback (most recent call last):
  File "D:\dump2_comparison\sep06_cl\backend\app.py", line 479, in <module>
    print("\u2705 Unique session ID per browser/tab")
  File "D:\Python310\lib\encodings\cp1252.py", line 19, in encode
    return codecs.charmap_encode(input,self.errors,encoding_table)[0]
UnicodeEncodeError: 'charmap' codec can't encode character '\u2705' in position 0: character maps to <undefined>
Traceback (most recent call last):
  File "D:\dump2_comparison\sep06_cl\backend\app.py", line 479, in <module>
    print("\u2705 Unique session ID per browser/tab")
  File "D:\Python310\lib\encodings\cp1252.py", line 19, in encode
    return codecs.charmap_encode(input,self.errors,encoding_table)[0]
UnicodeEncodeError: 'charmap' codec can't encode character '\u2705' in position 0: character maps to <undefined>
Traceback (most recent call last):
  File "D:\dump2_comparison\sep06_cl\backend\app.py", line 479, in <module>
    print("\u2705 Unique session ID per browser/tab")
  File "D:\Python310\lib\encodings\cp1252.py", line 19, in encode
    return codecs.charmap_encode(input,self.errors,encoding_table)[0]
UnicodeEncodeError: 'charmap' codec can't encode character '\u2705' in position 0: character maps to <undefined>
Traceback (most recent call last):
  File "D:\dump2_comparison\sep06_cl\backend\app.py", line 479, in <module>
    print("\u2705 Unique session ID per browser/tab")
  File "D:\Python310\lib\encodings\cp1252.py", line 19, in encode
    return codecs.charmap_encode(input,self.errors,encoding_table)[0]
UnicodeEncodeError: 'charmap' codec can't encode character '\u2705' in position 0: character maps to <undefined>
Traceback (most recent call last):
  File "D:\dump2_comparison\sep06_cl\backend\app.py", line 479, in <module>
    print("\u2705 Unique session ID per browser/tab")
  File "D:\Python310\lib\encodings\cp1252.py", line 19, in encode
    return codecs.charmap_encode(input,self.errors,encoding_table)[0]
UnicodeEncodeError: 'charmap' codec can't encode character '\u2705' in position 0: character maps to <undefined>
WARNING: This is a development server. Do not use it in a production deployment. Use a production WSGI server instead.
 * Running on all addresses (0.0.0.0)
 * Running on http://127.0.0.1:5000
 * Running on http://192.168.0.3:5000
Press CTRL+C to quit
 * Restarting with stat
 * Debugger is active!
 * Debugger PIN: 133-157-159
127.0.0.1 - - [07/Sep/2025 21:09:10] "GET /api/debug/all-sessions HTTP/1.1" 200 -
127.0.0.1 - - [07/Sep/2025 21:09:10] "GET /favicon.ico HTTP/1.1" 404 -
127.0.0.1 - - [07/Sep/2025 21:10:40] "GET /api/debug/all-sessions HTTP/1.1" 200 -
127.0.0.1 - - [07/Sep/2025 21:10:43] "GET /api/debug/all-sessions HTTP/1.1" 200 -
127.0.0.1 - - [07/Sep/2025 21:10:43] "GET /api/debug/all-sessions HTTP/1.1" 200 -
127.0.0.1 - - [07/Sep/2025 21:10:44] "GET /api/debug/all-sessions HTTP/1.1" 200 -
127.0.0.1 - - [07/Sep/2025 21:10:44] "GET /api/debug/all-sessions HTTP/1.1" 200 -
127.0.0.1 - - [07/Sep/2025 21:10:44] "GET /api/debug/all-sessions HTTP/1.1" 200 -
127.0.0.1 - - [07/Sep/2025 21:10:44] "GET /api/debug/all-sessions HTTP/1.1" 200 -
127.0.0.1 - - [07/Sep/2025 21:36:49] "GET /api/debug/all-sessions HTTP/1.1" 200 -
127.0.0.1 - - [07/Sep/2025 21:36:50] "GET /api/debug/all-sessions HTTP/1.1" 200 -
127.0.0.1 - - [07/Sep/2025 21:36:50] "GET /api/debug/all-sessions HTTP/1.1" 200 -
127.0.0.1 - - [07/Sep/2025 21:36:50] "GET /api/debug/all-sessions HTTP/1.1" 200 -
WARNING: This is a development server. Do not use it in a production deployment. Use a production WSGI server instead.
 * Running on all addresses (0.0.0.0)
 * Running on http://127.0.0.1:5000
 * Running on http://127.0.0.1:5000
Press CTRL+C to quit
 * Restarting with stat
 * Debugger is active!
 * Debugger PIN: 133-157-159
 * Detected change in 'D:\\dump2_comparison\\sep06_cl\\backend\\app.py', reloading
 * Restarting with stat
 * Debugger is active!
 * Debugger PIN: 133-157-159
Traceback (most recent call last):
  File "D:\dump2_comparison\sep06_cl\backend\app.py", line 504, in <module>
    app.run(debug=True, host='0.0.0.0', port=5000)
  File "D:\Python310\lib\site-packages\flask\app.py", line 889, in run
    run_simple(t.cast(str, host), port, self, **options)
  File "D:\Python310\lib\site-packages\werkzeug\serving.py", line 1075, in run_simple
    srv = make_server(
  File "D:\Python310\lib\site-packages\werkzeug\serving.py", line 915, in make_server
    return ThreadedWSGIServer(
  File "D:\Python310\lib\site-packages\werkzeug\serving.py", line 781, in __init__
    self.socket = socket.fromfd(fd, address_family, socket.SOCK_STREAM)
  File "D:\Python310\lib\socket.py", line 545, in fromfd
    nfd = dup(fd)
OSError: [WinError 10038] An operation was attempted on something that is not a socket
WARNING: This is a development server. Do not use it in a production deployment. Use a production WSGI server instead.
 * Running on all addresses (0.0.0.0)
 * Running on http://127.0.0.1:5000
 * Running on http://172.24.244.143:5000
Press CTRL+C to quit
 * Restarting with stat
 * Debugger is active!
 * Debugger PIN: 133-157-159
WARNING: This is a development server. Do not use it in a production deployment. Use a production WSGI server instead.
 * Running on all addresses (0.0.0.0)
 * Running on http://127.0.0.1:5000
 * Running on http://127.0.0.1:5000
Press CTRL+C to quit
 * Restarting with stat
 * Debugger is active!
 * Debugger PIN: 133-157-159
Exception in thread WARNING: This is a development server. Do not use it in a production deployment. Use a production WSGI server instead.
 * Running on all addresses (0.0.0.0)
 * Running on http://127.0.0.1:5000
 * Running on http://192.168.0.3:5000
Press CTRL+C to quit
 * Restarting with stat
 * Debugger is active!
 * Debugger PIN: 133-157-159
Exception in thread Thread-2 (serve_forever):
Traceback (most recent call last):
WARNING: This is a development server. Do not use it in a production deployment. Use a production WSGI server instead.
 * Running on all addresses (0.0.0.0)
 * Running on http://127.0.0.1:5000
 * Running on http://127.0.0.1:5000
Press CTRL+C to quit
 * Restarting with stat
 * Debugger is active!
 * Debugger PIN: 133-157-159
Exception in thread Thread-2 (serve_forever):
Traceback (most recent call last):
  File "D:\Python310\lib\threading.py", line 1016, in _bootstrap_inner
WARNING: This is a development server. Do not use it in a production deployment. Use a production WSGI server instead.
 * Running on all addresses (0.0.0.0)
 * Running on http://127.0.0.1:5000
 * Running on http://127.0.0.1:5000
Press CTRL+C to quit
 * Restarting with stat
 * Debugger is active!
 * Debugger PIN: 133-157-159
Exception in thread Thread-2 (serve_forever):
Traceback (most recent call last):
  File "D:\Python310\lib\threading.py", line 1016, in _bootstrap_inner
WARNING: This is a development server. Do not use it in a production deployment. Use a production WSGI server instead.
 * Running on all addresses (0.0.0.0)
 * Running on http://127.0.0.1:5000
 * Running on http://127.0.0.1:5000
Press CTRL+C to quit
 * Restarting with stat
 * Debugger is active!
 * Debugger PIN: 133-157-159
WARNING: This is a development server. Do not use it in a production deployment. Use a production WSGI server instead.
 * Running on all addresses (0.0.0.0)
 * Running on http://127.0.0.1:5000
 * Running on http://127.0.0.1:5000
Press CTRL+C to quit
 * Restarting with stat
 * Debugger is active!
 * Debugger PIN: 133-157-159
WARNING: This is a development server. Do not use it in a production deployment. Use a production WSGI server instead.
 * Running on all addresses (0.0.0.0)
 * Running on http://127.0.0.1:5000
 * Running on http://127.0.0.1:5000
Press CTRL+C to quit
 * Restarting with stat
 * Debugger is active!
 * Debugger PIN: 133-157-159
WARNING: This is a development server. Do not use it in a production deployment. Use a production WSGI server instead.
 * Running on all addresses (0.0.0.0)
 * Running on http://127.0.0.1:5000
 * Running on http://127.0.0.1:5000
Press CTRL+C to quit
 * Restarting with stat
 * Debugger is active!
 * Debugger PIN: 133-157-159
WARNING: This is a development server. Do not use it in a production deployment. Use a production WSGI server instead.
 * Running on all addresses (0.0.0.0)
 * Running on http://127.0.0.1:5000
 * Running on http://127.0.0.1:5000
Press CTRL+C to quit
 * Restarting with stat
 * Debugger is active!
 * Debugger PIN: 133-157-159
Exception in thread Thread-2 (serve_forever):
Traceback (most recent call last):
  File "D:\Python310\lib\threading.py", line 1016, in _bootstrap_inner
WARNING: This is a development server. Do not use it in a production deployment. Use a production WSGI server instead.
 * Running on all addresses (0.0.0.0)
 * Running on http://127.0.0.1:5000
 * Running on http://127.0.0.1:5000
Press CTRL+C to quit
 * Restarting with stat
 * Debugger is active!
 * Debugger PIN: 133-157-159
WARNING: This is a development server. Do not use it in a production deployment. Use a production WSGI server instead.
 * Running on all addresses (0.0.0.0)
 * Running on http://127.0.0.1:5000
 * Running on http://127.0.0.1:5000
Press CTRL+C to quit
 * Restarting with stat
 * Debugger is active!
 * Debugger PIN: 133-157-159
WARNING: This is a development server. Do not use it in a production deployment. Use a production WSGI server instead.
 * Running on all addresses (0.0.0.0)
 * Running on http://127.0.0.1:5000
 * Running on http://127.0.0.1:5000
Press CTRL+C to quit
 * Restarting with stat
 * Debugger is active!
 * Debugger PIN: 133-157-159
WARNING: This is a development server. Do not use it in a production deployment. Use a production WSGI server instead.
 * Running on all addresses (0.0.0.0)
 * Running on http://127.0.0.1:5000
 * Running on http://127.0.0.1:5000
Press CTRL+C to quit
 * Restarting with stat
 * Debugger is active!
 * Debugger PIN: 133-157-159
Exception in thread Thread-2 (serve_forever):
Traceback (most recent call last):
  File "D:\Python310\lib\threading.py", line 1016, in _bootstrap_inner
WARNING: This is a development server. Do not use it in a production deployment. Use a production WSGI server instead.
 * Running on all addresses (0.0.0.0)
 * Running on http://127.0.0.1:5000
 * Running on http://127.0.0.1:5000
Press CTRL+C to quit
 * Restarting with stat
 * Debugger is active!
 * Debugger PIN: 133-157-159
WARNING: This is a development server. Do not use it in a production deployment. Use a production WSGI server instead.
 * Running on all addresses (0.0.0.0)
 * Running on http://127.0.0.1:5000
 * Running on http://127.0.0.1:5000
Press CTRL+C to quit
 * Restarting with stat
 * Debugger is active!
 * Debugger PIN: 133-157-159
