Starting up http-server, serving D:\dump2_comparison\sep06_cl\frontend\dist\profilr-frontend

http-server version: 14.1.1

http-server settings: 
CORS: disabled
Cache: 3600 seconds
Connection Timeout: 120 seconds
Directory Listings: visible
AutoIndex: visible
Serve GZIP Files: false
Serve Brotli Files: false
Default File Extension: none

Available on:
  http://192.168.0.3:4200
  http://127.0.0.1:4200
  http://172.18.80.1:4200
Hit CTRL-C to stop the server

http-server stopped.
Starting up http-server, serving D:\dump2_comparison\sep06_cl\frontend\dist\profilr-frontend

http-server version: 14.1.1

http-server settings: 
CORS: disabled
Cache: 3600 seconds
Connection Timeout: 120 seconds
Directory Listings: visible
AutoIndex: visible
Serve GZIP Files: false
Serve Brotli Files: false
Default File Extension: none

Available on:
  http://192.168.0.3:4200
  http://127.0.0.1:4200
  http://172.18.80.1:4200
Hit CTRL-C to stop the server

[Sun Sep 07 2025 20:49:41 GMT+0530 (India Standard Time)]  "GET /" "Mozilla/5.0 (Windows NT 10.0; Win64; x64) AppleWebKit/537.36 (KHTML, like Gecko) Chrome/139.0.0.0 Safari/537.36"
[Sun Sep 07 2025 20:49:41 GMT+0530 (India Standard Time)]  "GET /runtime.js" "Mozilla/5.0 (Windows NT 10.0; Win64; x64) AppleWebKit/537.36 (KHTML, like Gecko) Chrome/139.0.0.0 Safari/537.36"
[Sun Sep 07 2025 20:49:41 GMT+0530 (India Standard Time)]  "GET /polyfills.js" "Mozilla/5.0 (Windows NT 10.0; Win64; x64) AppleWebKit/537.36 (KHTML, like Gecko) Chrome/139.0.0.0 Safari/537.36"
[Sun Sep 07 2025 20:49:41 GMT+0530 (India Standard Time)]  "GET /main.js" "Mozilla/5.0 (Windows NT 10.0; Win64; x64) AppleWebKit/537.36 (KHTML, like Gecko) Chrome/139.0.0.0 Safari/537.36"
[Sun Sep 07 2025 20:49:41 GMT+0530 (India Standard Time)]  "GET /styles.css" "Mozilla/5.0 (Windows NT 10.0; Win64; x64) AppleWebKit/537.36 (KHTML, like Gecko) Chrome/139.0.0.0 Safari/537.36"
[Sun Sep 07 2025 20:49:43 GMT+0530 (India Standard Time)]  "GET /favicon.ico" "Mozilla/5.0 (Windows NT 10.0; Win64; x64) AppleWebKit/537.36 (KHTML, like Gecko) Chrome/139.0.0.0 Safari/537.36"
[Sun Sep 07 2025 20:49:43 GMT+0530 (India Standard Time)]  "GET /favicon.ico" Error (404): "Not found"
[Sun Sep 07 2025 21:08:14 GMT+0530 (India Standard Time)]  "GET //api/debug/all-sessions" "Mozilla/5.0 (Windows NT 10.0; Win64; x64) AppleWebKit/537.36 (KHTML, like Gecko) Chrome/139.0.0.0 Safari/537.36"
[Sun Sep 07 2025 21:08:14 GMT+0530 (India Standard Time)]  "GET //api/debug/all-sessions" Error (404): "Not found"
[Sun Sep 07 2025 21:08:21 GMT+0530 (India Standard Time)]  "GET /api/debug/all-sessions" "Mozilla/5.0 (Windows NT 10.0; Win64; x64) AppleWebKit/537.36 (KHTML, like Gecko) Chrome/139.0.0.0 Safari/537.36"
[Sun Sep 07 2025 21:08:21 GMT+0530 (India Standard Time)]  "GET /api/debug/all-sessions" Error (404): "Not found"
[Sun Sep 07 2025 21:08:41 GMT+0530 (India Standard Time)]  "GET /debug/all-sessions" "Mozilla/5.0 (Windows NT 10.0; Win64; x64) AppleWebKit/537.36 (KHTML, like Gecko) Chrome/139.0.0.0 Safari/537.36"
[Sun Sep 07 2025 21:08:41 GMT+0530 (India Standard Time)]  "GET /debug/all-sessions" Error (404): "Not found"
[Sun Sep 07 2025 21:34:42 GMT+0530 (India Standard Time)]  "GET /" "Mozilla/5.0 (Windows NT 10.0; Win64; x64) AppleWebKit/537.36 (KHTML, like Gecko) Chrome/139.0.0.0 Safari/537.36"
[Sun Sep 07 2025 21:36:42 GMT+0530 (India Standard Time)]  "GET /" "Mozilla/5.0 (Windows NT 10.0; Win64; x64) AppleWebKit/537.36 (KHTML, like Gecko) Chrome/139.0.0.0 Safari/537.36"
[Sun Sep 07 2025 21:36:44 GMT+0530 (India Standard Time)]  "GET /" "Mozilla/5.0 (Windows NT 10.0; Win64; x64) AppleWebKit/537.36 (KHTML, like Gecko) Chrome/139.0.0.0 Safari/537.36"
[Sun Sep 07 2025 21:36:44 GMT+0530 (India Standard Time)]  "GET /styles.css" "Mozilla/5.0 (Windows NT 10.0; Win64; x64) AppleWebKit/537.36 (KHTML, like Gecko) Chrome/139.0.0.0 Safari/537.36"
[Sun Sep 07 2025 21:36:46 GMT+0530 (India Standard Time)]  "GET /" "Mozilla/5.0 (Windows NT 10.0; Win64; x64) AppleWebKit/537.36 (KHTML, like Gecko) Chrome/139.0.0.0 Safari/537.36"
[Sun Sep 07 2025 21:36:46 GMT+0530 (India Standard Time)]  "GET /" "Mozilla/5.0 (Windows NT 10.0; Win64; x64) AppleWebKit/537.36 (KHTML, like Gecko) Chrome/139.0.0.0 Safari/537.36"
[Sun Sep 07 2025 21:36:46 GMT+0530 (India Standard Time)]  "GET /" "Mozilla/5.0 (Windows NT 10.0; Win64; x64) AppleWebKit/537.36 (KHTML, like Gecko) Chrome/139.0.0.0 Safari/537.36"
[Sun Sep 07 2025 21:36:46 GMT+0530 (India Standard Time)]  "GET /" "Mozilla/5.0 (Windows NT 10.0; Win64; x64) AppleWebKit/537.36 (KHTML, like Gecko) Chrome/139.0.0.0 Safari/537.36"
[Sun Sep 07 2025 21:36:46 GMT+0530 (India Standard Time)]  "GET /" "Mozilla/5.0 (Windows NT 10.0; Win64; x64) AppleWebKit/537.36 (KHTML, like Gecko) Chrome/139.0.0.0 Safari/537.36"
http-server stopped.
Starting up http-server, serving D:\dump2_comparison\sep06_cl\frontend\dist\profilr-frontend

http-server version: 14.1.1

http-server settings: 
CORS: disabled
Cache: 3600 seconds
Connection Timeout: 120 seconds
Directory Listings: visible
AutoIndex: visible
Serve GZIP Files: false
Serve Brotli Files: false
Default File Extension: none

Available on:
  http://127.0.0.1:4200
Hit CTRL-C to stop the server

[Mon Sep 08 2025 16:58:50 GMT+0530 (India Standard Time)]  "GET /" "Mozilla/5.0 (Windows NT 10.0; Win64; x64) AppleWebKit/537.36 (KHTML, like Gecko) Chrome/139.0.0.0 Safari/537.36"
[Mon Sep 08 2025 16:58:50 GMT+0530 (India Standard Time)]  "GET /runtime.js" "Mozilla/5.0 (Windows NT 10.0; Win64; x64) AppleWebKit/537.36 (KHTML, like Gecko) Chrome/139.0.0.0 Safari/537.36"
[Mon Sep 08 2025 16:58:50 GMT+0530 (India Standard Time)]  "GET /polyfills.js" "Mozilla/5.0 (Windows NT 10.0; Win64; x64) AppleWebKit/537.36 (KHTML, like Gecko) Chrome/139.0.0.0 Safari/537.36"
[Mon Sep 08 2025 16:58:50 GMT+0530 (India Standard Time)]  "GET /main.js" "Mozilla/5.0 (Windows NT 10.0; Win64; x64) AppleWebKit/537.36 (KHTML, like Gecko) Chrome/139.0.0.0 Safari/537.36"
[Mon Sep 08 2025 16:58:50 GMT+0530 (India Standard Time)]  "GET /styles.css" "Mozilla/5.0 (Windows NT 10.0; Win64; x64) AppleWebKit/537.36 (KHTML, like Gecko) Chrome/139.0.0.0 Safari/537.36"
[Mon Sep 08 2025 20:11:30 GMT+0530 (India Standard Time)]  "GET /" "Mozilla/5.0 (Windows NT 10.0; Win64; x64) AppleWebKit/537.36 (KHTML, like Gecko) Chrome/139.0.0.0 Safari/537.36"
[Mon Sep 08 2025 20:11:30 GMT+0530 (India Standard Time)]  "GET /runtime.js" "Mozilla/5.0 (Windows NT 10.0; Win64; x64) AppleWebKit/537.36 (KHTML, like Gecko) Chrome/139.0.0.0 Safari/537.36"
[Mon Sep 08 2025 20:11:30 GMT+0530 (India Standard Time)]  "GET /polyfills.js" "Mozilla/5.0 (Windows NT 10.0; Win64; x64) AppleWebKit/537.36 (KHTML, like Gecko) Chrome/139.0.0.0 Safari/537.36"
[Mon Sep 08 2025 20:11:30 GMT+0530 (India Standard Time)]  "GET /main.js" "Mozilla/5.0 (Windows NT 10.0; Win64; x64) AppleWebKit/537.36 (KHTML, like Gecko) Chrome/139.0.0.0 Safari/537.36"
[Mon Sep 08 2025 20:11:30 GMT+0530 (India Standard Time)]  "GET /styles.css" "Mozilla/5.0 (Windows NT 10.0; Win64; x64) AppleWebKit/537.36 (KHTML, like Gecko) Chrome/139.0.0.0 Safari/537.36"
http-server stopped.
Starting up http-server, serving D:\dump2_comparison\sep06_cl\frontend\dist\profilr-frontend

http-server version: 14.1.1

http-server settings: 
CORS: disabled
Cache: 3600 seconds
Connection Timeout: 120 seconds
Directory Listings: visible
AutoIndex: visible
Serve GZIP Files: false
Serve Brotli Files: false
Default File Extension: none

Available on:
  http://127.0.0.1:4200
Hit CTRL-C to stop the server

http-server stopped.
Starting up http-server, serving D:\dump2_comparison\sep06_cl\frontend\dist\profilr-frontend

http-server version: 14.1.1

http-server settings: 
CORS: disabled
Cache: 3600 seconds
Connection Timeout: 120 seconds
Directory Listings: visible
AutoIndex: visible
Serve GZIP Files: false
Serve Brotli Files: false
Default File Extension: none

Available on:
  http://127.0.0.1:4200
Hit CTRL-C to stop the server

[Tue Sep 09 2025 22:42:38 GMT+0530 (India Standard Time)]  "GET /" "Mozilla/5.0 (Windows NT 10.0; Win64; x64) AppleWebKit/537.36 (KHTML, like Gecko) Chrome/139.0.0.0 Safari/537.36"
[Tue Sep 09 2025 22:42:38 GMT+0530 (India Standard Time)]  "GET /runtime.js" "Mozilla/5.0 (Windows NT 10.0; Win64; x64) AppleWebKit/537.36 (KHTML, like Gecko) Chrome/139.0.0.0 Safari/537.36"
[Tue Sep 09 2025 22:42:38 GMT+0530 (India Standard Time)]  "GET /polyfills.js" "Mozilla/5.0 (Windows NT 10.0; Win64; x64) AppleWebKit/537.36 (KHTML, like Gecko) Chrome/139.0.0.0 Safari/537.36"
[Tue Sep 09 2025 22:42:38 GMT+0530 (India Standard Time)]  "GET /main.js" "Mozilla/5.0 (Windows NT 10.0; Win64; x64) AppleWebKit/537.36 (KHTML, like Gecko) Chrome/139.0.0.0 Safari/537.36"
[Tue Sep 09 2025 22:42:38 GMT+0530 (India Standard Time)]  "GET /styles.css" "Mozilla/5.0 (Windows NT 10.0; Win64; x64) AppleWebKit/537.36 (KHTML, like Gecko) Chrome/139.0.0.0 Safari/537.36"
[Tue Sep 09 2025 22:48:39 GMT+0530 (India Standard Time)]  "GET /favicon.ico" "Mozilla/5.0 (Windows NT 10.0; Win64; x64) AppleWebKit/537.36 (KHTML, like Gecko) Chrome/139.0.0.0 Safari/537.36"
[Tue Sep 09 2025 22:48:39 GMT+0530 (India Standard Time)]  "GET /favicon.ico" Error (404): "Not found"
http-server stopped.
Starting up http-server, serving D:\dump2_comparison\sep06_cl\frontend\dist\profilr-frontend

http-server version: 14.1.1

http-server settings: 
CORS: disabled
Cache: 3600 seconds
Connection Timeout: 120 seconds
Directory Listings: visible
AutoIndex: visible
Serve GZIP Files: false
Serve Brotli Files: false
Default File Extension: none

Available on:
  http://127.0.0.1:4200
Hit CTRL-C to stop the server

[Wed Sep 10 2025 18:06:44 GMT+0530 (India Standard Time)]  "GET /" "Mozilla/5.0 (Windows NT 10.0; Win64; x64) AppleWebKit/537.36 (KHTML, like Gecko) Chrome/139.0.0.0 Safari/537.36"
[Wed Sep 10 2025 18:06:44 GMT+0530 (India Standard Time)]  "GET /polyfills.js" "Mozilla/5.0 (Windows NT 10.0; Win64; x64) AppleWebKit/537.36 (KHTML, like Gecko) Chrome/139.0.0.0 Safari/537.36"
[Wed Sep 10 2025 18:06:44 GMT+0530 (India Standard Time)]  "GET /runtime.js" "Mozilla/5.0 (Windows NT 10.0; Win64; x64) AppleWebKit/537.36 (KHTML, like Gecko) Chrome/139.0.0.0 Safari/537.36"
[Wed Sep 10 2025 18:06:44 GMT+0530 (India Standard Time)]  "GET /main.js" "Mozilla/5.0 (Windows NT 10.0; Win64; x64) AppleWebKit/537.36 (KHTML, like Gecko) Chrome/139.0.0.0 Safari/537.36"
[Wed Sep 10 2025 18:06:44 GMT+0530 (India Standard Time)]  "GET /styles.css" "Mozilla/5.0 (Windows NT 10.0; Win64; x64) AppleWebKit/537.36 (KHTML, like Gecko) Chrome/139.0.0.0 Safari/537.36"
http-server stopped.
Starting up http-server, serving D:\dump2_comparison\sep06_cl\frontend\dist\profilr-frontend

http-server version: 14.1.1

http-server settings: 
CORS: disabled
Cache: 3600 seconds
Connection Timeout: 120 seconds
Directory Listings: visible
AutoIndex: visible
Serve GZIP Files: false
Serve Brotli Files: false
Default File Extension: none

Available on:
  http://127.0.0.1:4200
Hit CTRL-C to stop the server

http-server stopped.
Starting up http-server, serving D:\dump2_comparison\sep06_cl\frontend\dist\profilr-frontend

http-server version: 14.1.1

http-server settings: 
CORS: disabled
Cache: 3600 seconds
Connection Timeout: 120 seconds
Directory Listings: visible
AutoIndex: visible
Serve GZIP Files: false
Serve Brotli Files: false
Default File Extension: none

Available on:
  http://127.0.0.1:4200
Hit CTRL-C to stop the server

http-server stopped.
Starting up http-server, serving D:\dump2_comparison\sep06_cl\frontend\dist\profilr-frontend

http-server version: 14.1.1

http-server settings: 
CORS: disabled
Cache: 3600 seconds
Connection Timeout: 120 seconds
Directory Listings: visible
AutoIndex: visible
Serve GZIP Files: false
Serve Brotli Files: false
Default File Extension: none

Available on:
  http://172.20.112.1:4200
  http://127.0.0.1:4200
Hit CTRL-C to stop the server

http-server stopped.
Starting up http-server, serving D:\dump2_comparison\sep06_cl\frontend\dist\profilr-frontend

http-server version: 14.1.1

http-server settings: 
CORS: disabled
Cache: 3600 seconds
Connection Timeout: 120 seconds
Directory Listings: visible
AutoIndex: visible
Serve GZIP Files: false
Serve Brotli Files: false
Default File Extension: none

Available on:
  http://192.168.0.4:4200
  http://127.0.0.1:4200
Hit CTRL-C to stop the server

http-server stopped.
Starting up http-server, serving D:\dump2_comparison\sep06_cl\frontend\dist\profilr-frontend

http-server version: 14.1.1

http-server settings: 
CORS: disabled
Cache: 3600 seconds
Connection Timeout: 120 seconds
Directory Listings: visible
AutoIndex: visible
Serve GZIP Files: false
Serve Brotli Files: false
Default File Extension: none

Available on:
  http://127.0.0.1:4200
Hit CTRL-C to stop the server

http-server stopped.
Starting up http-server, serving D:\dump2_comparison\sep06_cl\frontend\dist\profilr-frontend

http-server version: 14.1.1

http-server settings: 
CORS: disabled
Cache: 3600 seconds
Connection Timeout: 120 seconds
Directory Listings: visible
AutoIndex: visible
Serve GZIP Files: false
Serve Brotli Files: false
Default File Extension: none

Available on:
  http://192.168.0.3:4200
  http://127.0.0.1:4200
Hit CTRL-C to stop the server

http-server stopped.
Starting up http-server, serving D:\dump2_comparison\sep06_cl\frontend\dist\profilr-frontend

http-server version: 14.1.1

http-server settings: 
CORS: disabled
Cache: 3600 seconds
Connection Timeout: 120 seconds
Directory Listings: visible
AutoIndex: visible
Serve GZIP Files: false
Serve Brotli Files: false
Default File Extension: none

Available on:
  http://127.0.0.1:4200
Hit CTRL-C to stop the server

http-server stopped.
Starting up http-server, serving D:\dump2_comparison\sep06_cl\frontend\dist\profilr-frontend

http-server version: 14.1.1

http-server settings: 
CORS: disabled
Cache: 3600 seconds
Connection Timeout: 120 seconds
Directory Listings: visible
AutoIndex: visible
Serve GZIP Files: false
Serve Brotli Files: false
Default File Extension: none

Available on:
  http://127.0.0.1:4200
Hit CTRL-C to stop the server

http-server stopped.
Starting up http-server, serving D:\dump2_comparison\sep06_cl\frontend\dist\profilr-frontend

http-server version: 14.1.1

http-server settings: 
CORS: disabled
Cache: 3600 seconds
Connection Timeout: 120 seconds
Directory Listings: visible
AutoIndex: visible
Serve GZIP Files: false
Serve Brotli Files: false
Default File Extension: none

Available on:
  http://127.0.0.1:4200
Hit CTRL-C to stop the server

http-server stopped.
Starting up http-server, serving D:\dump2_comparison\sep06_cl\frontend\dist\profilr-frontend

http-server version: 14.1.1

http-server settings: 
CORS: disabled
Cache: 3600 seconds
Connection Timeout: 120 seconds
Directory Listings: visible
AutoIndex: visible
Serve GZIP Files: false
Serve Brotli Files: false
Default File Extension: none

Available on:
  http://127.0.0.1:4200
Hit CTRL-C to stop the server

http-server stopped.
Starting up http-server, serving D:\dump2_comparison\sep06_cl\frontend\dist\profilr-frontend

http-server version: 14.1.1

http-server settings: 
CORS: disabled
Cache: 3600 seconds
Connection Timeout: 120 seconds
Directory Listings: visible
AutoIndex: visible
Serve GZIP Files: false
Serve Brotli Files: false
Default File Extension: none

Available on:
  http://127.0.0.1:4200
Hit CTRL-C to stop the server

http-server stopped.
Starting up http-server, serving D:\dump2_comparison\sep06_cl\frontend\dist\profilr-frontend

http-server version: 14.1.1

http-server settings: 
CORS: disabled
Cache: 3600 seconds
Connection Timeout: 120 seconds
Directory Listings: visible
AutoIndex: visible
Serve GZIP Files: false
Serve Brotli Files: false
Default File Extension: none

Available on:
  http://127.0.0.1:4200
Hit CTRL-C to stop the server

[Fri Sep 26 2025 11:56:57 GMT+0530 (India Standard Time)]  "GET /" "Mozilla/5.0 (Windows NT 10.0; Win64; x64) AppleWebKit/537.36 (KHTML, like Gecko) Chrome/140.0.0.0 Safari/537.36"
[Fri Sep 26 2025 11:56:57 GMT+0530 (India Standard Time)]  "GET /runtime.js" "Mozilla/5.0 (Windows NT 10.0; Win64; x64) AppleWebKit/537.36 (KHTML, like Gecko) Chrome/140.0.0.0 Safari/537.36"
[Fri Sep 26 2025 11:56:57 GMT+0530 (India Standard Time)]  "GET /polyfills.js" "Mozilla/5.0 (Windows NT 10.0; Win64; x64) AppleWebKit/537.36 (KHTML, like Gecko) Chrome/140.0.0.0 Safari/537.36"
[Fri Sep 26 2025 11:56:57 GMT+0530 (India Standard Time)]  "GET /main.js" "Mozilla/5.0 (Windows NT 10.0; Win64; x64) AppleWebKit/537.36 (KHTML, like Gecko) Chrome/140.0.0.0 Safari/537.36"
[Fri Sep 26 2025 11:56:57 GMT+0530 (India Standard Time)]  "GET /styles.css" "Mozilla/5.0 (Windows NT 10.0; Win64; x64) AppleWebKit/537.36 (KHTML, like Gecko) Chrome/140.0.0.0 Safari/537.36"
[Fri Sep 26 2025 11:56:57 GMT+0530 (India Standard Time)]  "GET /favicon.ico" "Mozilla/5.0 (Windows NT 10.0; Win64; x64) AppleWebKit/537.36 (KHTML, like Gecko) Chrome/140.0.0.0 Safari/537.36"
[Fri Sep 26 2025 11:56:57 GMT+0530 (India Standard Time)]  "GET /favicon.ico" Error (404): "Not found"
